#
# A fatal error has been detected by the Java Runtime Environment:
#
#  EXCEPTION_ACCESS_VIOLATION (0xc0000005) at pc=0x00007ff926b8d140, pid=11540, tid=25216
#
# JRE version: OpenJDK Runtime Environment (15.0.2+7) (build 15.0.2+7-27)
# Java VM: OpenJDK 64-Bit Server VM (15.0.2+7-27, mixed mode, sharing, tiered, compressed oops, g1 gc, windows-amd64)
# Problematic frame:
# V  [jvm.dll+0x29d140]
#
# No core dump will be written. Minidumps are not enabled by default on client versions of Windows
#
# If you would like to submit a bug report, please visit:
#   https://bugreport.java.com/bugreport/crash.jsp
#

---------------  S U M M A R Y ------------

Command Line: --add-opens=java.base/java.util=ALL-UNNAMED --add-opens=java.base/java.lang=ALL-UNNAMED --add-opens=java.base/java.lang.invoke=ALL-UNNAMED --add-opens=java.prefs/java.util.prefs=ALL-UNNAMED -XX:MaxMetaspaceSize=256m -XX:+HeapDumpOnOutOfMemoryError -Xms256m -Xmx512m -Dfile.encoding=windows-1250 -Duser.country=HU -Duser.language=hu -Duser.variant org.gradle.launcher.daemon.bootstrap.GradleDaemon 6.8.3

Host: Intel(R) Core(TM) i5-4300M CPU @ 2.60GHz, 4 cores, 15G,  Windows 10 , 64 bit Build 19041 (10.0.19041.928)
Time: Mon May 10 13:57:37 2021 Közép-európai nyári idõ  elapsed time: 1367.218382 seconds (0d 0h 22m 47s)

---------------  T H R E A D  ---------------

Current thread (0x000001bae1d400a0):  ConcurrentGCThread "G1 Refine#0" [stack: 0x0000001a74500000,0x0000001a74600000] [id=25216]

Stack: [0x0000001a74500000,0x0000001a74600000],  sp=0x0000001a745fefc0,  free space=1019k
Native frames: (J=compiled Java code, j=interpreted, Vv=VM code, C=native code)
V  [jvm.dll+0x29d140]
V  [jvm.dll+0x29d54a]
V  [jvm.dll+0x2a3a16]
V  [jvm.dll+0x2dc55c]
V  [jvm.dll+0x2de3aa]
V  [jvm.dll+0x2b92de]
V  [jvm.dll+0x2b93c0]
V  [jvm.dll+0x2b9466]
V  [jvm.dll+0x2b832f]
V  [jvm.dll+0x20b23c]
V  [jvm.dll+0x73d75a]
V  [jvm.dll+0x629c56]
C  [ucrtbase.dll+0x21bb2]
C  [KERNEL32.DLL+0x17034]
C  [ntdll.dll+0x52651]


siginfo: EXCEPTION_ACCESS_VIOLATION (0xc0000005), reading address 0x0000000900011430


Register to memory mapping:

RIP=0x00007ff926b8d140 jvm.dll
RAX=0x0000000000000001 is an unknown value
RBX=
[error occurred during error reporting (printing register info), id 0xc0000005, EXCEPTION_ACCESS_VIOLATION (0xc0000005) at pc=0x00007ff926b8d140]

Registers:
RAX=0x0000000000000001, RBX=0x00000000e23c5f88, RCX=0x0000000000000003, RDX=0x00000000e23c5f88
RSP=0x0000001a745fefc0, RBP=0x00000000e23e8c00, RSI=0x000001bac74f4820, RDI=0x000001bac74f4800
R8 =0x0000000900011428, R9 =0x0000000000000003, R10=0x0000000000000004, R11=0x000001bac72e1e16
R12=0x00000000e23e8e00, R13=0x0000000000000000, R14=0x0000001a745ff1d0, R15=0x0000001a745ff130
RIP=0x00007ff926b8d140, EFLAGS=0x0000000000010206

Top of Stack: (sp=0x0000001a745fefc0)
0x0000001a745fefc0:   0000001a745ff1d0 0000001a745ff130
0x0000001a745fefd0:   0000000000000000 00000000e23e8e00
0x0000001a745fefe0:   00000000e23c5f88 00007ff926b8d54a
0x0000001a745feff0:   00000000e23c2d78 0000001a745ff040
0x0000001a745ff000:   00000000e23c5f88 000001bac74f4820
0x0000001a745ff010:   00000000e23c5e38 00000000e2500e00
0x0000001a745ff020:   000001bac74f4820 00000000e23e8c00
0x0000001a745ff030:   000001bac74f4800 00007ff926b93a16
0x0000001a745ff040:   00000000e23c6000 00000000e23a8bd8
0x0000001a745ff050:   0000000000011e30 0000001a745ff100
0x0000001a745ff060:   000001bade6f1f46 00007ff926bcc55c
0x0000001a745ff070:   00000000e23e8c00 000001bac74af370
0x0000001a745ff080:   000001bac74f4bc0 00000000e2406d18
0x0000001a745ff090:   0000000000000002 00007ff926ba84ce
0x0000001a745ff0a0:   00000000e240d800 0000000000000040
0x0000001a745ff0b0:   000001bae52a1788 0000000000000000 

Instructions: (pc=0x00007ff926b8d140)
0x00007ff926b8d040:   5f c3 cc cc cc cc cc cc cc cc cc cc cc cc cc cc
0x00007ff926b8d050:   48 89 5c 24 18 57 48 83 ec 20 48 8b 41 10 48 8b
0x00007ff926b8d060:   da 48 8b f9 48 3b d0 75 16 48 8b 41 08 48 2b c2
0x00007ff926b8d070:   48 c1 e8 03 48 8b 5c 24 40 48 83 c4 20 5f c3 e8
0x00007ff926b8d080:   7c 3f df ff 48 39 1f 77 7d 48 3b 5f 08 73 77 80
0x00007ff926b8d090:   3d 0a fc 75 00 00 74 62 48 3b 9f f0 00 00 00 73
0x00007ff926b8d0a0:   55 48 8b 80 90 03 00 00 48 8b 90 90 00 00 00 48
0x00007ff926b8d0b0:   8b c3 48 2b 42 08 8b 4a 18 48 8b 52 20 48 c1 e8
0x00007ff926b8d0c0:   03 48 d3 e8 4c 8b c0 24 3f 49 c1 e8 06 0f b6 c8
0x00007ff926b8d0d0:   4a 8b 04 c2 48 0f a3 c8 72 1c 8b 87 cc 00 00 00
0x00007ff926b8d0e0:   83 f8 28 74 11 8b 87 cc 00 00 00 c1 e8 05 a8 01
0x00007ff926b8d0f0:   75 04 32 c0 eb 1d b0 01 eb 19 48 8b 47 10 48 3b
0x00007ff926b8d100:   d8 0f 92 c0 eb 0d 48 8b 87 d0 00 00 00 48 3b 18
0x00007ff926b8d110:   0f 94 c0 84 c0 0f 84 be 00 00 00 0f b6 05 bf 5e
0x00007ff926b8d120:   7e 00 84 c0 74 16 44 8b 43 08 8b 0d f0 e8 75 00
0x00007ff926b8d130:   49 d3 e0 4c 03 05 de e8 75 00 eb 04 4c 8b 43 08
0x00007ff926b8d140:   45 8b 48 08 45 85 c9 7e 18 41 f6 c1 01 75 6b 41
0x00007ff926b8d150:   c1 f9 03 49 63 c1 48 8b 5c 24 40 48 83 c4 20 5f
0x00007ff926b8d160:   c3 79 57 84 c0 ba 0c 00 00 00 8b 05 84 f8 75 00
0x00007ff926b8d170:   b9 10 00 00 00 0f 45 ca ff c8 4c 63 c0 41 8b c1
0x00007ff926b8d180:   48 c1 f8 10 48 63 14 19 41 8b c9 83 e1 3f 48 d3
0x00007ff926b8d190:   e2 0f b6 c8 49 8d 04 10 49 f7 d0 48 03 c8 4d 8b
0x00007ff926b8d1a0:   c8 49 c1 e9 03 48 c1 e9 03 44 23 c9 49 63 c1 48
0x00007ff926b8d1b0:   8b 5c 24 40 48 83 c4 20 5f c3 49 8b 00 48 8b d3
0x00007ff926b8d1c0:   49 8b c8 ff 90 f0 00 00 00 44 8b c8 48 98 48 8b
0x00007ff926b8d1d0:   5c 24 40 48 83 c4 20 5f c3 48 89 6c 24 30 48 89
0x00007ff926b8d1e0:   74 24 38 e8 18 3e df ff 4c 8b 8f f0 00 00 00 48
0x00007ff926b8d1f0:   8b 88 90 03 00 00 b8 08 00 00 00 4c 8b 99 90 00
0x00007ff926b8d200:   00 00 41 8b 73 18 8b ce 49 8b 6b 08 d3 e0 4c 2b
0x00007ff926b8d210:   cd ff c8 49 c1 e9 03 48 63 c8 48 8d 14 19 48 f7
0x00007ff926b8d220:   d1 48 23 d1 8b ce 48 2b d5 49 d3 e9 48 c1 ea 03
0x00007ff926b8d230:   48 d3 ea 49 3b d1 73 71 4d 8b 5b 20 4c 8b c2 49 


Stack slot to memory mapping:
stack at sp + 0 slots: 0x0000001a745ff1d0 points into unknown readable memory: 0x000001bae52a0fb0 | b0 0f 2a e5 ba 01 00 00
stack at sp + 1 slots: 0x0000001a745ff130 points into unknown readable memory: 0x00007ff92717b6d0 | d0 b6 17 27 f9 7f 00 00
stack at sp + 2 slots: 0x0 is NULL
stack at sp + 3 slots: 
[error occurred during error reporting (inspecting top of stack), id 0xc0000005, EXCEPTION_ACCESS_VIOLATION (0xc0000005) at pc=0x00007ff926b8d140]


---------------  P R O C E S S  ---------------

Threads class SMR info:
_java_thread_list=0x000001bae80d0c50, length=64, elements={
0x000001bac74a2d00, 0x000001bae1e93340, 0x000001bae1e945c0, 0x000001bae1eaf1c0,
0x000001bae1eb1a90, 0x000001bae1eb3b00, 0x000001bae1eb67b0, 0x000001bae1eb7900,
0x000001bae1ebc640, 0x000001bae28f8040, 0x000001bae296ce10, 0x000001bae3946020,
0x000001bae42ce3e0, 0x000001bae3d10290, 0x000001bae3941e40, 0x000001bae3942310,
0x000001bae3945800, 0x000001bae3945330, 0x000001bae6bac6e0, 0x000001bae476ef40,
0x000001bae476d260, 0x000001bae6baaa00, 0x000001bae6baa530, 0x000001bae6bad550,
0x000001bae6baa060, 0x000001bae6baaed0, 0x000001bae6bab3a0, 0x000001bae6baed60,
0x000001bae6baf230, 0x000001bae6bac210, 0x000001bae6babd40, 0x000001bae6bacbb0,
0x000001bae6bafbd0, 0x000001bae6badef0, 0x000001bae6bad080, 0x000001bae6bada20,
0x000001bae6bb0f10, 0x000001bae6bae3c0, 0x000001bae6bb18b0, 0x000001bae6bb00a0,
0x000001bae6bb0570, 0x000001bae6bb0a40, 0x000001bae4772900, 0x000001bae476cd90,
0x000001bae47715c0, 0x000001bae476f410, 0x000001bae47710f0, 0x000001bae4772430,
0x000001bae4770280, 0x000001bae476e0d0, 0x000001bae476b0b0, 0x000001bae4770750,
0x000001bae476dc00, 0x000001bae476bf20, 0x000001bae476b580, 0x000001bae4771f60,
0x000001bae476e5a0, 0x000001bae476ea70, 0x000001bae476ba50, 0x000001bae476c3f0,
0x000001bae476c8c0, 0x000001bae4771a90, 0x000001bae476f8e0, 0x000001bae72adad0
}

Java Threads: ( => current thread )
  0x000001bac74a2d00 JavaThread "main" [_thread_blocked, id=5376, stack(0x0000001a74100000,0x0000001a74200000)]
  0x000001bae1e93340 JavaThread "Reference Handler" daemon [_thread_blocked, id=26280, stack(0x0000001a74800000,0x0000001a74900000)]
  0x000001bae1e945c0 JavaThread "Finalizer" daemon [_thread_blocked, id=28552, stack(0x0000001a74900000,0x0000001a74a00000)]
  0x000001bae1eaf1c0 JavaThread "Signal Dispatcher" daemon [_thread_blocked, id=21160, stack(0x0000001a74a00000,0x0000001a74b00000)]
  0x000001bae1eb1a90 JavaThread "Attach Listener" daemon [_thread_blocked, id=22808, stack(0x0000001a74b00000,0x0000001a74c00000)]
  0x000001bae1eb3b00 JavaThread "Service Thread" daemon [_thread_blocked, id=23384, stack(0x0000001a74c00000,0x0000001a74d00000)]
  0x000001bae1eb67b0 JavaThread "C2 CompilerThread0" daemon [_thread_in_native, id=23072, stack(0x0000001a74d00000,0x0000001a74e00000)]
  0x000001bae1eb7900 JavaThread "C1 CompilerThread0" daemon [_thread_blocked, id=25264, stack(0x0000001a74e00000,0x0000001a74f00000)]
  0x000001bae1ebc640 JavaThread "Sweeper thread" daemon [_thread_blocked, id=21932, stack(0x0000001a74f00000,0x0000001a75000000)]
  0x000001bae28f8040 JavaThread "Common-Cleaner" daemon [_thread_blocked, id=20820, stack(0x0000001a75000000,0x0000001a75100000)]
  0x000001bae296ce10 JavaThread "Notification Thread" daemon [_thread_blocked, id=22980, stack(0x0000001a75100000,0x0000001a75200000)]
  0x000001bae3946020 JavaThread "Daemon health stats" [_thread_blocked, id=4684, stack(0x0000001a75700000,0x0000001a75800000)]
  0x000001bae42ce3e0 JavaThread "Incoming local TCP Connector on port 63072" [_thread_in_native, id=11268, stack(0x0000001a75900000,0x0000001a75a00000)]
  0x000001bae3d10290 JavaThread "Daemon periodic checks" [_thread_blocked, id=24932, stack(0x0000001a75a00000,0x0000001a75b00000)]
  0x000001bae3941e40 JavaThread "Cache worker for file hash cache (C:\Users\Vince\Desktop\4. felev\projLab\ideaProject\.gradle\caches\6.8.3\fileHashes)" [_thread_blocked, id=24208, stack(0x0000001a76200000,0x0000001a76300000)]
  0x000001bae3942310 JavaThread "File lock request listener" [_thread_in_native, id=27612, stack(0x0000001a76300000,0x0000001a76400000)]
  0x000001bae3945800 JavaThread "Cache worker for journal cache (C:\Users\Vince\Desktop\4. felev\projLab\ideaProject\.gradle\caches\journal-1)" [_thread_blocked, id=23952, stack(0x0000001a76400000,0x0000001a76500000)]
  0x000001bae3945330 JavaThread "Cache worker for execution history cache (C:\Users\Vince\Desktop\4. felev\projLab\ideaProject\.gradle\caches\6.8.3\executionHistory)" [_thread_blocked, id=25716, stack(0x0000001a76a00000,0x0000001a76b00000)]
  0x000001bae6bac6e0 JavaThread "Cache worker for file content cache (C:\Users\Vince\Desktop\4. felev\projLab\ideaProject\.gradle\caches\6.8.3\fileContent)" [_thread_blocked, id=17252, stack(0x0000001a76c00000,0x0000001a76d00000)]
  0x000001bae476ef40 JavaThread "Memory manager" [_thread_blocked, id=26708, stack(0x0000001a78300000,0x0000001a78400000)]
  0x000001bae476d260 JavaThread "ForkJoinPool.commonPool-worker-3" daemon [_thread_blocked, id=23544, stack(0x0000001a78400000,0x0000001a78500000)]
  0x000001bae6baaa00 JavaThread "Cache worker for Java compile cache (C:\Users\Vince\Desktop\4. felev\projLab\ideaProject\.gradle\caches\6.8.3\javaCompile)" [_thread_blocked, id=26920, stack(0x0000001a78700000,0x0000001a78800000)]
  0x000001bae6baa530 JavaThread "Daemon Thread 4" [_thread_blocked, id=3572, stack(0x0000001a73e00000,0x0000001a73f00000)]
  0x000001bae6bad550 JavaThread "Handler for socket connection from /127.0.0.1:63072 to /127.0.0.1:56624" [_thread_in_native, id=22432, stack(0x0000001a73f00000,0x0000001a74000000)]
  0x000001bae6baa060 JavaThread "Cancel handler" [_thread_blocked, id=27208, stack(0x0000001a74000000,0x0000001a74100000)]
  0x000001bae6baaed0 JavaThread "Daemon worker Thread 4" [_thread_blocked, id=2604, stack(0x0000001a75800000,0x0000001a75900000)]
  0x000001bae6bab3a0 JavaThread "Asynchronous log dispatcher for DefaultDaemonConnection: socket connection from /127.0.0.1:63072 to /127.0.0.1:56624" [_thread_blocked, id=21572, stack(0x0000001a75b00000,0x0000001a75c00000)]
  0x000001bae6baed60 JavaThread "Stdin handler" [_thread_blocked, id=8432, stack(0x0000001a75c00000,0x0000001a75d00000)]
  0x000001bae6baf230 JavaThread "Daemon client event forwarder" [_thread_blocked, id=23208, stack(0x0000001a75d00000,0x0000001a75e00000)]
  0x000001bae6bac210 JavaThread "Cache worker for file hash cache (C:\Users\Vince\Desktop\4. felev\projLab\ideaProject\.gradle\6.8.3\fileHashes)" [_thread_blocked, id=14216, stack(0x0000001a75e00000,0x0000001a75f00000)]
  0x000001bae6babd40 JavaThread "Cache worker for checksums cache (C:\Users\Vince\Desktop\4. felev\projLab\ideaProject\.gradle\checksums)" [_thread_blocked, id=25356, stack(0x0000001a75f00000,0x0000001a76000000)]
  0x000001bae6bacbb0 JavaThread "Cache worker for cache directory md-supplier (C:\Users\Vince\Desktop\4. felev\projLab\ideaProject\.gradle\caches\6.8.3\md-supplier)" [_thread_blocked, id=8196, stack(0x0000001a76000000,0x0000001a76100000)]
  0x000001bae6bafbd0 JavaThread "Cache worker for cache directory md-rule (C:\Users\Vince\Desktop\4. felev\projLab\ideaProject\.gradle\caches\6.8.3\md-rule)" [_thread_blocked, id=19548, stack(0x0000001a76100000,0x0000001a76200000)]
  0x000001bae6badef0 JavaThread "Cache worker for Build Output Cleanup Cache (C:\Users\Vince\Desktop\4. felev\projLab\ideaProject\.gradle\buildOutputCleanup)" [_thread_blocked, id=25020, stack(0x0000001a76500000,0x0000001a76600000)]
  0x000001bae6bad080 JavaThread "Build operations" [_thread_blocked, id=7880, stack(0x0000001a76600000,0x0000001a76700000)]
  0x000001bae6bada20 JavaThread "Build operations Thread 2" [_thread_blocked, id=12344, stack(0x0000001a76700000,0x0000001a76800000)]
  0x000001bae6bb0f10 JavaThread "Build operations Thread 3" [_thread_blocked, id=18040, stack(0x0000001a76800000,0x0000001a76900000)]
  0x000001bae6bae3c0 JavaThread "Build operations Thread 4" [_thread_blocked, id=11496, stack(0x0000001a76900000,0x0000001a76a00000)]
  0x000001bae6bb18b0 JavaThread "jar transforms Thread 73" [_thread_blocked, id=23320, stack(0x0000001a76b00000,0x0000001a76c00000)]
  0x000001bae6bb00a0 JavaThread "jar transforms Thread 74" [_thread_blocked, id=21152, stack(0x0000001a76d00000,0x0000001a76e00000)]
  0x000001bae6bb0570 JavaThread "jar transforms Thread 75" [_thread_blocked, id=24024, stack(0x0000001a76e00000,0x0000001a76f00000)]
  0x000001bae6bb0a40 JavaThread "jar transforms Thread 76" [_thread_blocked, id=28460, stack(0x0000001a76f00000,0x0000001a77000000)]
  0x000001bae4772900 JavaThread "jar transforms Thread 77" [_thread_blocked, id=27816, stack(0x0000001a77000000,0x0000001a77100000)]
  0x000001bae476cd90 JavaThread "jar transforms Thread 78" [_thread_blocked, id=2960, stack(0x0000001a77100000,0x0000001a77200000)]
  0x000001bae47715c0 JavaThread "jar transforms Thread 79" [_thread_blocked, id=17660, stack(0x0000001a77200000,0x0000001a77300000)]
  0x000001bae476f410 JavaThread "jar transforms Thread 80" [_thread_blocked, id=19192, stack(0x0000001a77300000,0x0000001a77400000)]
  0x000001bae47710f0 JavaThread "jar transforms Thread 81" [_thread_blocked, id=25188, stack(0x0000001a77400000,0x0000001a77500000)]
  0x000001bae4772430 JavaThread "jar transforms Thread 82" [_thread_blocked, id=7392, stack(0x0000001a77500000,0x0000001a77600000)]
  0x000001bae4770280 JavaThread "jar transforms Thread 83" [_thread_blocked, id=28268, stack(0x0000001a77600000,0x0000001a77700000)]
  0x000001bae476e0d0 JavaThread "jar transforms Thread 84" [_thread_blocked, id=12104, stack(0x0000001a77700000,0x0000001a77800000)]
  0x000001bae476b0b0 JavaThread "jar transforms Thread 85" [_thread_blocked, id=25088, stack(0x0000001a77800000,0x0000001a77900000)]
  0x000001bae4770750 JavaThread "jar transforms Thread 86" [_thread_blocked, id=19332, stack(0x0000001a77900000,0x0000001a77a00000)]
  0x000001bae476dc00 JavaThread "jar transforms Thread 87" [_thread_blocked, id=1792, stack(0x0000001a77a00000,0x0000001a77b00000)]
  0x000001bae476bf20 JavaThread "jar transforms Thread 88" [_thread_blocked, id=26388, stack(0x0000001a77b00000,0x0000001a77c00000)]
  0x000001bae476b580 JavaThread "jar transforms Thread 89" [_thread_blocked, id=23712, stack(0x0000001a77c00000,0x0000001a77d00000)]
  0x000001bae4771f60 JavaThread "jar transforms Thread 90" [_thread_blocked, id=1328, stack(0x0000001a77d00000,0x0000001a77e00000)]
  0x000001bae476e5a0 JavaThread "ForkJoinPool.commonPool-worker-5" daemon [_thread_blocked, id=22000, stack(0x0000001a77e00000,0x0000001a77f00000)]
  0x000001bae476ea70 JavaThread "ForkJoinPool.commonPool-worker-7" daemon [_thread_blocked, id=26828, stack(0x0000001a77f00000,0x0000001a78000000)]
  0x000001bae476ba50 JavaThread "Execution worker for ':'" [_thread_blocked, id=21488, stack(0x0000001a78000000,0x0000001a78100000)]
  0x000001bae476c3f0 JavaThread "Execution worker for ':' Thread 2" [_thread_blocked, id=20476, stack(0x0000001a78100000,0x0000001a78200000)]
  0x000001bae476c8c0 JavaThread "Execution worker for ':' Thread 3" [_thread_blocked, id=13680, stack(0x0000001a78200000,0x0000001a78300000)]
  0x000001bae4771a90 JavaThread "Cache worker for execution history cache (C:\Users\Vince\Desktop\4. felev\projLab\ideaProject\.gradle\6.8.3\executionHistory)" [_thread_blocked, id=4056, stack(0x0000001a78500000,0x0000001a78600000)]
  0x000001bae476f8e0 JavaThread "Cache worker for Java compile cache (C:\Users\Vince\Desktop\4. felev\projLab\ideaProject\.gradle\6.8.3\javaCompile)" [_thread_blocked, id=25796, stack(0x0000001a78600000,0x0000001a78700000)]
  0x000001bae72adad0 JavaThread "C2 CompilerThread1" daemon [_thread_in_native, id=9172, stack(0x0000001a78800000,0x0000001a78900000)]

Other Threads:
  0x000001bae1e8d180 VMThread "VM Thread" [stack: 0x0000001a74700000,0x0000001a74800000] [id=7564]
  0x000001bae29712f0 WatcherThread [stack: 0x0000001a75200000,0x0000001a75300000] [id=14260]
  0x000001bac74c8820 GCTaskThread "GC Thread#0" [stack: 0x0000001a74200000,0x0000001a74300000] [id=27324]
  0x000001bae2c0ccf0 GCTaskThread "GC Thread#1" [stack: 0x0000001a75400000,0x0000001a75500000] [id=1072]
  0x000001bae2c0e010 GCTaskThread "GC Thread#2" [stack: 0x0000001a75500000,0x0000001a75600000] [id=24080]
  0x000001bae2c0f000 GCTaskThread "GC Thread#3" [stack: 0x0000001a75600000,0x0000001a75700000] [id=5176]
  0x000001bac74cd880 ConcurrentGCThread "G1 Main Marker" [stack: 0x0000001a74300000,0x0000001a74400000] [id=27028]
  0x000001bac74ce380 ConcurrentGCThread "G1 Conc#0" [stack: 0x0000001a74400000,0x0000001a74500000] [id=28028]
=>0x000001bae1d400a0 ConcurrentGCThread "G1 Refine#0" [stack: 0x0000001a74500000,0x0000001a74600000] [id=25216]
  0x000001bae44f8440 ConcurrentGCThread "G1 Refine#1" [stack: 0x0000001a78a00000,0x0000001a78b00000] [id=24984]
  0x000001bae44f5860 ConcurrentGCThread "G1 Refine#2" [stack: 0x0000001a78b00000,0x0000001a78c00000] [id=22856]
  0x000001bae44f7d80 ConcurrentGCThread "G1 Refine#3" [stack: 0x0000001a78900000,0x0000001a78a00000] [id=26368]
  0x000001bae1d41a60 ConcurrentGCThread "G1 Young RemSet Sampling" [stack: 0x0000001a74600000,0x0000001a74700000] [id=1736]

Threads with active compile tasks:
C2 CompilerThread0  1367296 11271       4       com.sun.tools.javac.jvm.ClassReader::setParameters (329 bytes)
C2 CompilerThread1  1367296 11210       4       com.sun.tools.javac.code.ClassFinder$1::hasNext (113 bytes)

VM state: not at safepoint (normal execution)

VM Mutex/Monitor currently owned by a thread:  ([mutex/lock_event])
[0x000001bac749ca20] Heap_lock - owner thread: 0x000001bac74cd880

Heap address: 0x00000000e0000000, size: 512 MB, Compressed Oops mode: 32-bit
CDS archive(s) mapped at: [0x0000000800000000-0x0000000800b50000-0x0000000800b50000), size 11862016, SharedBaseAddress: 0x0000000800000000, ArchiveRelocationMode: 0.
Compressed class space mapped at: 0x0000000800b50000-0x0000000810350000, size: 260046848
Narrow klass base: 0x0000000800000000, Narrow klass shift: 3, Narrow klass range: 0x100000000

GC Precious Log:
 CPUs: 4 total, 4 available
 Memory: 16281M
 Large Page Support: Disabled
 NUMA Support: Disabled
 Compressed Oops: Enabled (32-bit)
 Heap Region Size: 1M
 Heap Min Capacity: 256M
 Heap Initial Capacity: 256M
 Heap Max Capacity: 512M
 Pre-touch: Disabled
 Parallel Workers: 4
 Concurrent Workers: 1
 Concurrent Refinement Workers: 4
 Periodic GC: Disabled

Heap:
 garbage-first heap   total 262144K, used 65076K [0x00000000e0000000, 0x0000000100000000)
  region size 1024K, 15 young (15360K), 13 survivors (13312K)
 Metaspace       used 59059K, capacity 60229K, committed 60496K, reserved 307200K
  class space    used 7528K, capacity 7903K, committed 7936K, reserved 253952K

Heap Regions: E=young(eden), S=young(survivor), O=old, HS=humongous(starts), HC=humongous(continues), CS=collection set, F=free, OA=open archive, CA=closed archive, TAMS=top-at-mark-start (previous, next)
|   0|0x00000000e0000000, 0x00000000e0100000, 0x00000000e0100000|100%| O|  |TAMS 0x00000000e0100000, 0x00000000e0100000| Untracked 
|   1|0x00000000e0100000, 0x00000000e0200000, 0x00000000e0200000|100%| O|  |TAMS 0x00000000e0181c00, 0x00000000e0200000| Untracked 
|   2|0x00000000e0200000, 0x00000000e0300000, 0x00000000e0300000|100%| O|  |TAMS 0x00000000e0200000, 0x00000000e0300000| Untracked 
|   3|0x00000000e0300000, 0x00000000e0400000, 0x00000000e0400000|100%|HS|  |TAMS 0x00000000e0400000, 0x00000000e0400000| Complete 
|   4|0x00000000e0400000, 0x00000000e0500000, 0x00000000e0500000|100%|HC|  |TAMS 0x00000000e0500000, 0x00000000e0500000| Complete 
|   5|0x00000000e0500000, 0x00000000e0600000, 0x00000000e0600000|100%|HC|  |TAMS 0x00000000e0600000, 0x00000000e0600000| Complete 
|   6|0x00000000e0600000, 0x00000000e0700000, 0x00000000e0700000|100%| O|  |TAMS 0x00000000e0700000, 0x00000000e0700000| Untracked 
|   7|0x00000000e0700000, 0x00000000e0800000, 0x00000000e0800000|100%| O|  |TAMS 0x00000000e0800000, 0x00000000e0800000| Untracked 
|   8|0x00000000e0800000, 0x00000000e0900000, 0x00000000e0900000|100%| O|  |TAMS 0x00000000e0900000, 0x00000000e0900000| Untracked 
|   9|0x00000000e0900000, 0x00000000e0a00000, 0x00000000e0a00000|100%| O|  |TAMS 0x00000000e0900000, 0x00000000e0a00000| Untracked 
|  10|0x00000000e0a00000, 0x00000000e0b00000, 0x00000000e0b00000|100%| O|  |TAMS 0x00000000e0a00000, 0x00000000e0b00000| Untracked 
|  11|0x00000000e0b00000, 0x00000000e0c00000, 0x00000000e0c00000|100%| O|  |TAMS 0x00000000e0b00000, 0x00000000e0c00000| Untracked 
|  12|0x00000000e0c00000, 0x00000000e0d00000, 0x00000000e0d00000|100%| O|  |TAMS 0x00000000e0c00000, 0x00000000e0d00000| Untracked 
|  13|0x00000000e0d00000, 0x00000000e0e00000, 0x00000000e0e00000|100%| O|  |TAMS 0x00000000e0d00000, 0x00000000e0e00000| Untracked 
|  14|0x00000000e0e00000, 0x00000000e0f00000, 0x00000000e0f00000|100%| O|  |TAMS 0x00000000e0e00000, 0x00000000e0f00000| Untracked 
|  15|0x00000000e0f00000, 0x00000000e1000000, 0x00000000e1000000|100%| O|  |TAMS 0x00000000e0f00000, 0x00000000e1000000| Untracked 
|  16|0x00000000e1000000, 0x00000000e1100000, 0x00000000e1100000|100%| O|  |TAMS 0x00000000e1000000, 0x00000000e1100000| Untracked 
|  17|0x00000000e1100000, 0x00000000e1200000, 0x00000000e1200000|100%| O|  |TAMS 0x00000000e1100000, 0x00000000e1200000| Untracked 
|  18|0x00000000e1200000, 0x00000000e1300000, 0x00000000e1300000|100%|HS|  |TAMS 0x00000000e1200000, 0x00000000e1300000| Complete 
|  19|0x00000000e1300000, 0x00000000e1400000, 0x00000000e1400000|100%|HC|  |TAMS 0x00000000e1300000, 0x00000000e1400000| Complete 
|  20|0x00000000e1400000, 0x00000000e1500000, 0x00000000e1500000|100%|HS|  |TAMS 0x00000000e1400000, 0x00000000e1500000| Complete 
|  21|0x00000000e1500000, 0x00000000e1600000, 0x00000000e1600000|100%|HC|  |TAMS 0x00000000e1500000, 0x00000000e1600000| Complete 
|  22|0x00000000e1600000, 0x00000000e1700000, 0x00000000e1700000|100%| O|  |TAMS 0x00000000e1600000, 0x00000000e1700000| Untracked 
|  23|0x00000000e1700000, 0x00000000e1800000, 0x00000000e1800000|100%| O|  |TAMS 0x00000000e1700000, 0x00000000e1800000| Untracked 
|  24|0x00000000e1800000, 0x00000000e1900000, 0x00000000e1900000|100%| O|  |TAMS 0x00000000e1800000, 0x00000000e1900000| Untracked 
|  25|0x00000000e1900000, 0x00000000e1a00000, 0x00000000e1a00000|100%| O|  |TAMS 0x00000000e1900000, 0x00000000e1a00000| Untracked 
|  26|0x00000000e1a00000, 0x00000000e1b00000, 0x00000000e1b00000|100%| O|  |TAMS 0x00000000e1a00000, 0x00000000e1b00000| Untracked 
|  27|0x00000000e1b00000, 0x00000000e1c00000, 0x00000000e1c00000|100%| O|  |TAMS 0x00000000e1b00000, 0x00000000e1c00000| Untracked 
|  28|0x00000000e1c00000, 0x00000000e1d00000, 0x00000000e1d00000|100%| O|  |TAMS 0x00000000e1c00000, 0x00000000e1d00000| Untracked 
|  29|0x00000000e1d00000, 0x00000000e1e00000, 0x00000000e1e00000|100%| O|  |TAMS 0x00000000e1d00000, 0x00000000e1e00000| Untracked 
|  30|0x00000000e1e00000, 0x00000000e1f00000, 0x00000000e1f00000|100%| O|  |TAMS 0x00000000e1e00000, 0x00000000e1f00000| Untracked 
|  31|0x00000000e1f00000, 0x00000000e2000000, 0x00000000e2000000|100%| O|  |TAMS 0x00000000e1f00000, 0x00000000e2000000| Untracked 
|  32|0x00000000e2000000, 0x00000000e2100000, 0x00000000e2100000|100%| O|  |TAMS 0x00000000e2000000, 0x00000000e2100000| Untracked 
|  33|0x00000000e2100000, 0x00000000e2200000, 0x00000000e2200000|100%| O|  |TAMS 0x00000000e2100000, 0x00000000e2200000| Untracked 
|  34|0x00000000e2200000, 0x00000000e2300000, 0x00000000e2300000|100%| O|  |TAMS 0x00000000e2200000, 0x00000000e2300000| Untracked 
|  35|0x00000000e2300000, 0x00000000e2400000, 0x00000000e2400000|100%| O|  |TAMS 0x00000000e2300000, 0x00000000e2400000| Untracked 
|  36|0x00000000e2400000, 0x00000000e2500000, 0x00000000e2500000|100%| O|  |TAMS 0x00000000e2400000, 0x00000000e2500000| Untracked 
|  37|0x00000000e2500000, 0x00000000e2600000, 0x00000000e2600000|100%| O|  |TAMS 0x00000000e2500000, 0x00000000e2600000| Untracked 
|  38|0x00000000e2600000, 0x00000000e2700000, 0x00000000e2700000|100%| O|  |TAMS 0x00000000e2600000, 0x00000000e2700000| Untracked 
|  39|0x00000000e2700000, 0x00000000e2800000, 0x00000000e2800000|100%| O|  |TAMS 0x00000000e2700000, 0x00000000e2800000| Untracked 
|  40|0x00000000e2800000, 0x00000000e2900000, 0x00000000e2900000|100%| O|  |TAMS 0x00000000e2800000, 0x00000000e2900000| Untracked 
|  41|0x00000000e2900000, 0x00000000e2a00000, 0x00000000e2a00000|100%| O|  |TAMS 0x00000000e2900000, 0x00000000e2a00000| Untracked 
|  42|0x00000000e2a00000, 0x00000000e2b00000, 0x00000000e2b00000|100%| O|  |TAMS 0x00000000e2a00000, 0x00000000e2b00000| Untracked 
|  43|0x00000000e2b00000, 0x00000000e2c00000, 0x00000000e2c00000|100%| O|  |TAMS 0x00000000e2b00000, 0x00000000e2c00000| Untracked 
|  44|0x00000000e2c00000, 0x00000000e2d00000, 0x00000000e2d00000|100%| O|  |TAMS 0x00000000e2c00000, 0x00000000e2d00000| Untracked 
|  45|0x00000000e2d00000, 0x00000000e2e00000, 0x00000000e2e00000|100%| O|  |TAMS 0x00000000e2d00000, 0x00000000e2e00000| Untracked 
|  46|0x00000000e2e00000, 0x00000000e2f00000, 0x00000000e2f00000|100%| O|  |TAMS 0x00000000e2e00000, 0x00000000e2f00000| Untracked 
|  47|0x00000000e2f00000, 0x00000000e2fefe00, 0x00000000e3000000| 93%| O|  |TAMS 0x00000000e2f00000, 0x00000000e2fefe00| Untracked 
|  48|0x00000000e3000000, 0x00000000e3000000, 0x00000000e3100000|  0%| F|  |TAMS 0x00000000e3000000, 0x00000000e3000000| Untracked 
|  49|0x00000000e3100000, 0x00000000e3100000, 0x00000000e3200000|  0%| F|  |TAMS 0x00000000e3100000, 0x00000000e3100000| Untracked 
|  50|0x00000000e3200000, 0x00000000e3300000, 0x00000000e3300000|100%|HS|  |TAMS 0x00000000e3200000, 0x00000000e3300000| Complete 
|  51|0x00000000e3300000, 0x00000000e3400000, 0x00000000e3400000|100%|HC|  |TAMS 0x00000000e3300000, 0x00000000e3400000| Complete 
|  52|0x00000000e3400000, 0x00000000e3400000, 0x00000000e3500000|  0%| F|  |TAMS 0x00000000e3400000, 0x00000000e3400000| Untracked 
|  53|0x00000000e3500000, 0x00000000e3500000, 0x00000000e3600000|  0%| F|  |TAMS 0x00000000e3500000, 0x00000000e3500000| Untracked 
|  54|0x00000000e3600000, 0x00000000e3600000, 0x00000000e3700000|  0%| F|  |TAMS 0x00000000e3600000, 0x00000000e3600000| Untracked 
|  55|0x00000000e3700000, 0x00000000e3700000, 0x00000000e3800000|  0%| F|  |TAMS 0x00000000e3700000, 0x00000000e3700000| Untracked 
|  56|0x00000000e3800000, 0x00000000e3800000, 0x00000000e3900000|  0%| F|  |TAMS 0x00000000e3800000, 0x00000000e3800000| Untracked 
|  57|0x00000000e3900000, 0x00000000e3900000, 0x00000000e3a00000|  0%| F|  |TAMS 0x00000000e3900000, 0x00000000e3900000| Untracked 
|  58|0x00000000e3a00000, 0x00000000e3a00000, 0x00000000e3b00000|  0%| F|  |TAMS 0x00000000e3a00000, 0x00000000e3a00000| Untracked 
|  59|0x00000000e3b00000, 0x00000000e3b00000, 0x00000000e3c00000|  0%| F|  |TAMS 0x00000000e3b00000, 0x00000000e3b00000| Untracked 
|  60|0x00000000e3c00000, 0x00000000e3c00000, 0x00000000e3d00000|  0%| F|  |TAMS 0x00000000e3c00000, 0x00000000e3c00000| Untracked 
|  61|0x00000000e3d00000, 0x00000000e3d00000, 0x00000000e3e00000|  0%| F|  |TAMS 0x00000000e3d00000, 0x00000000e3d00000| Untracked 
|  62|0x00000000e3e00000, 0x00000000e3e00000, 0x00000000e3f00000|  0%| F|  |TAMS 0x00000000e3e00000, 0x00000000e3e00000| Untracked 
|  63|0x00000000e3f00000, 0x00000000e3f00000, 0x00000000e4000000|  0%| F|  |TAMS 0x00000000e3f00000, 0x00000000e3f00000| Untracked 
|  64|0x00000000e4000000, 0x00000000e4000000, 0x00000000e4100000|  0%| F|  |TAMS 0x00000000e4000000, 0x00000000e4000000| Untracked 
|  65|0x00000000e4100000, 0x00000000e4100000, 0x00000000e4200000|  0%| F|  |TAMS 0x00000000e4100000, 0x00000000e4100000| Untracked 
|  66|0x00000000e4200000, 0x00000000e4200000, 0x00000000e4300000|  0%| F|  |TAMS 0x00000000e4200000, 0x00000000e4200000| Untracked 
|  67|0x00000000e4300000, 0x00000000e4300000, 0x00000000e4400000|  0%| F|  |TAMS 0x00000000e4300000, 0x00000000e4300000| Untracked 
|  68|0x00000000e4400000, 0x00000000e4400000, 0x00000000e4500000|  0%| F|  |TAMS 0x00000000e4400000, 0x00000000e4400000| Untracked 
|  69|0x00000000e4500000, 0x00000000e4500000, 0x00000000e4600000|  0%| F|  |TAMS 0x00000000e4500000, 0x00000000e4500000| Untracked 
|  70|0x00000000e4600000, 0x00000000e4600000, 0x00000000e4700000|  0%| F|  |TAMS 0x00000000e4600000, 0x00000000e4600000| Untracked 
|  71|0x00000000e4700000, 0x00000000e4700000, 0x00000000e4800000|  0%| F|  |TAMS 0x00000000e4700000, 0x00000000e4700000| Untracked 
|  72|0x00000000e4800000, 0x00000000e4800000, 0x00000000e4900000|  0%| F|  |TAMS 0x00000000e4800000, 0x00000000e4800000| Untracked 
|  73|0x00000000e4900000, 0x00000000e4900000, 0x00000000e4a00000|  0%| F|  |TAMS 0x00000000e4900000, 0x00000000e4900000| Untracked 
|  74|0x00000000e4a00000, 0x00000000e4a00000, 0x00000000e4b00000|  0%| F|  |TAMS 0x00000000e4a00000, 0x00000000e4a00000| Untracked 
|  75|0x00000000e4b00000, 0x00000000e4b00000, 0x00000000e4c00000|  0%| F|  |TAMS 0x00000000e4b00000, 0x00000000e4b00000| Untracked 
|  76|0x00000000e4c00000, 0x00000000e4c00000, 0x00000000e4d00000|  0%| F|  |TAMS 0x00000000e4c00000, 0x00000000e4c00000| Untracked 
|  77|0x00000000e4d00000, 0x00000000e4d00000, 0x00000000e4e00000|  0%| F|  |TAMS 0x00000000e4d00000, 0x00000000e4d00000| Untracked 
|  78|0x00000000e4e00000, 0x00000000e4e00000, 0x00000000e4f00000|  0%| F|  |TAMS 0x00000000e4e00000, 0x00000000e4e00000| Untracked 
|  79|0x00000000e4f00000, 0x00000000e4f00000, 0x00000000e5000000|  0%| F|  |TAMS 0x00000000e4f00000, 0x00000000e4f00000| Untracked 
|  80|0x00000000e5000000, 0x00000000e5000000, 0x00000000e5100000|  0%| F|  |TAMS 0x00000000e5000000, 0x00000000e5000000| Untracked 
|  81|0x00000000e5100000, 0x00000000e5100000, 0x00000000e5200000|  0%| F|  |TAMS 0x00000000e5100000, 0x00000000e5100000| Untracked 
|  82|0x00000000e5200000, 0x00000000e5200000, 0x00000000e5300000|  0%| F|  |TAMS 0x00000000e5200000, 0x00000000e5200000| Untracked 
|  83|0x00000000e5300000, 0x00000000e5300000, 0x00000000e5400000|  0%| F|  |TAMS 0x00000000e5300000, 0x00000000e5300000| Untracked 
|  84|0x00000000e5400000, 0x00000000e5400000, 0x00000000e5500000|  0%| F|  |TAMS 0x00000000e5400000, 0x00000000e5400000| Untracked 
|  85|0x00000000e5500000, 0x00000000e5500000, 0x00000000e5600000|  0%| F|  |TAMS 0x00000000e5500000, 0x00000000e5500000| Untracked 
|  86|0x00000000e5600000, 0x00000000e5600000, 0x00000000e5700000|  0%| F|  |TAMS 0x00000000e5600000, 0x00000000e5600000| Untracked 
|  87|0x00000000e5700000, 0x00000000e5700000, 0x00000000e5800000|  0%| F|  |TAMS 0x00000000e5700000, 0x00000000e5700000| Untracked 
|  88|0x00000000e5800000, 0x00000000e5800000, 0x00000000e5900000|  0%| F|  |TAMS 0x00000000e5800000, 0x00000000e5800000| Untracked 
|  89|0x00000000e5900000, 0x00000000e5900000, 0x00000000e5a00000|  0%| F|  |TAMS 0x00000000e5900000, 0x00000000e5900000| Untracked 
|  90|0x00000000e5a00000, 0x00000000e5a00000, 0x00000000e5b00000|  0%| F|  |TAMS 0x00000000e5a00000, 0x00000000e5a00000| Untracked 
|  91|0x00000000e5b00000, 0x00000000e5b00000, 0x00000000e5c00000|  0%| F|  |TAMS 0x00000000e5b00000, 0x00000000e5b00000| Untracked 
|  92|0x00000000e5c00000, 0x00000000e5c00000, 0x00000000e5d00000|  0%| F|  |TAMS 0x00000000e5c00000, 0x00000000e5c00000| Untracked 
|  93|0x00000000e5d00000, 0x00000000e5d00000, 0x00000000e5e00000|  0%| F|  |TAMS 0x00000000e5d00000, 0x00000000e5d00000| Untracked 
|  94|0x00000000e5e00000, 0x00000000e5e00000, 0x00000000e5f00000|  0%| F|  |TAMS 0x00000000e5e00000, 0x00000000e5e00000| Untracked 
|  95|0x00000000e5f00000, 0x00000000e5f00000, 0x00000000e6000000|  0%| F|  |TAMS 0x00000000e5f00000, 0x00000000e5f00000| Untracked 
|  96|0x00000000e6000000, 0x00000000e6000000, 0x00000000e6100000|  0%| F|  |TAMS 0x00000000e6000000, 0x00000000e6000000| Untracked 
|  97|0x00000000e6100000, 0x00000000e6100000, 0x00000000e6200000|  0%| F|  |TAMS 0x00000000e6100000, 0x00000000e6100000| Untracked 
|  98|0x00000000e6200000, 0x00000000e6200000, 0x00000000e6300000|  0%| F|  |TAMS 0x00000000e6200000, 0x00000000e6200000| Untracked 
|  99|0x00000000e6300000, 0x00000000e6300000, 0x00000000e6400000|  0%| F|  |TAMS 0x00000000e6300000, 0x00000000e6300000| Untracked 
| 100|0x00000000e6400000, 0x00000000e6400000, 0x00000000e6500000|  0%| F|  |TAMS 0x00000000e6400000, 0x00000000e6400000| Untracked 
| 101|0x00000000e6500000, 0x00000000e6500000, 0x00000000e6600000|  0%| F|  |TAMS 0x00000000e6500000, 0x00000000e6500000| Untracked 
| 102|0x00000000e6600000, 0x00000000e6600000, 0x00000000e6700000|  0%| F|  |TAMS 0x00000000e6600000, 0x00000000e6600000| Untracked 
| 103|0x00000000e6700000, 0x00000000e6700000, 0x00000000e6800000|  0%| F|  |TAMS 0x00000000e6700000, 0x00000000e6700000| Untracked 
| 104|0x00000000e6800000, 0x00000000e6800000, 0x00000000e6900000|  0%| F|  |TAMS 0x00000000e6800000, 0x00000000e6800000| Untracked 
| 105|0x00000000e6900000, 0x00000000e6900000, 0x00000000e6a00000|  0%| F|  |TAMS 0x00000000e6900000, 0x00000000e6900000| Untracked 
| 106|0x00000000e6a00000, 0x00000000e6a00000, 0x00000000e6b00000|  0%| F|  |TAMS 0x00000000e6a00000, 0x00000000e6a00000| Untracked 
| 107|0x00000000e6b00000, 0x00000000e6b00000, 0x00000000e6c00000|  0%| F|  |TAMS 0x00000000e6b00000, 0x00000000e6b00000| Untracked 
| 108|0x00000000e6c00000, 0x00000000e6c00000, 0x00000000e6d00000|  0%| F|  |TAMS 0x00000000e6c00000, 0x00000000e6c00000| Untracked 
| 109|0x00000000e6d00000, 0x00000000e6d00000, 0x00000000e6e00000|  0%| F|  |TAMS 0x00000000e6d00000, 0x00000000e6d00000| Untracked 
| 110|0x00000000e6e00000, 0x00000000e6e00000, 0x00000000e6f00000|  0%| F|  |TAMS 0x00000000e6e00000, 0x00000000e6e00000| Untracked 
| 111|0x00000000e6f00000, 0x00000000e6f00000, 0x00000000e7000000|  0%| F|  |TAMS 0x00000000e6f00000, 0x00000000e6f00000| Untracked 
| 112|0x00000000e7000000, 0x00000000e7000000, 0x00000000e7100000|  0%| F|  |TAMS 0x00000000e7000000, 0x00000000e7000000| Untracked 
| 113|0x00000000e7100000, 0x00000000e7100000, 0x00000000e7200000|  0%| F|  |TAMS 0x00000000e7100000, 0x00000000e7100000| Untracked 
| 114|0x00000000e7200000, 0x00000000e7200000, 0x00000000e7300000|  0%| F|  |TAMS 0x00000000e7200000, 0x00000000e7200000| Untracked 
| 115|0x00000000e7300000, 0x00000000e7300000, 0x00000000e7400000|  0%| F|  |TAMS 0x00000000e7300000, 0x00000000e7300000| Untracked 
| 116|0x00000000e7400000, 0x00000000e7400000, 0x00000000e7500000|  0%| F|  |TAMS 0x00000000e7400000, 0x00000000e7400000| Untracked 
| 117|0x00000000e7500000, 0x00000000e7500000, 0x00000000e7600000|  0%| F|  |TAMS 0x00000000e7500000, 0x00000000e7500000| Untracked 
| 118|0x00000000e7600000, 0x00000000e7600000, 0x00000000e7700000|  0%| F|  |TAMS 0x00000000e7600000, 0x00000000e7600000| Untracked 
| 119|0x00000000e7700000, 0x00000000e7700000, 0x00000000e7800000|  0%| F|  |TAMS 0x00000000e7700000, 0x00000000e7700000| Untracked 
| 120|0x00000000e7800000, 0x00000000e7800000, 0x00000000e7900000|  0%| F|  |TAMS 0x00000000e7800000, 0x00000000e7800000| Untracked 
| 121|0x00000000e7900000, 0x00000000e7900000, 0x00000000e7a00000|  0%| F|  |TAMS 0x00000000e7900000, 0x00000000e7900000| Untracked 
| 122|0x00000000e7a00000, 0x00000000e7a00000, 0x00000000e7b00000|  0%| F|  |TAMS 0x00000000e7a00000, 0x00000000e7a00000| Untracked 
| 123|0x00000000e7b00000, 0x00000000e7b00000, 0x00000000e7c00000|  0%| F|  |TAMS 0x00000000e7b00000, 0x00000000e7b00000| Untracked 
| 124|0x00000000e7c00000, 0x00000000e7c00000, 0x00000000e7d00000|  0%| F|  |TAMS 0x00000000e7c00000, 0x00000000e7c00000| Untracked 
| 125|0x00000000e7d00000, 0x00000000e7d00000, 0x00000000e7e00000|  0%| F|  |TAMS 0x00000000e7d00000, 0x00000000e7d00000| Untracked 
| 126|0x00000000e7e00000, 0x00000000e7e00000, 0x00000000e7f00000|  0%| F|  |TAMS 0x00000000e7e00000, 0x00000000e7e00000| Untracked 
| 127|0x00000000e7f00000, 0x00000000e7f00000, 0x00000000e8000000|  0%| F|  |TAMS 0x00000000e7f00000, 0x00000000e7f00000| Untracked 
| 128|0x00000000e8000000, 0x00000000e8000000, 0x00000000e8100000|  0%| F|  |TAMS 0x00000000e8000000, 0x00000000e8000000| Untracked 
| 129|0x00000000e8100000, 0x00000000e8100000, 0x00000000e8200000|  0%| F|  |TAMS 0x00000000e8100000, 0x00000000e8100000| Untracked 
| 130|0x00000000e8200000, 0x00000000e8200000, 0x00000000e8300000|  0%| F|  |TAMS 0x00000000e8200000, 0x00000000e8200000| Untracked 
| 131|0x00000000e8300000, 0x00000000e8300000, 0x00000000e8400000|  0%| F|  |TAMS 0x00000000e8300000, 0x00000000e8300000| Untracked 
| 132|0x00000000e8400000, 0x00000000e8400000, 0x00000000e8500000|  0%| F|  |TAMS 0x00000000e8400000, 0x00000000e8400000| Untracked 
| 133|0x00000000e8500000, 0x00000000e8500000, 0x00000000e8600000|  0%| F|  |TAMS 0x00000000e8500000, 0x00000000e8500000| Untracked 
| 134|0x00000000e8600000, 0x00000000e8600000, 0x00000000e8700000|  0%| F|  |TAMS 0x00000000e8600000, 0x00000000e8600000| Untracked 
| 135|0x00000000e8700000, 0x00000000e8700000, 0x00000000e8800000|  0%| F|  |TAMS 0x00000000e8700000, 0x00000000e8700000| Untracked 
| 136|0x00000000e8800000, 0x00000000e8800000, 0x00000000e8900000|  0%| F|  |TAMS 0x00000000e8800000, 0x00000000e8800000| Untracked 
| 137|0x00000000e8900000, 0x00000000e8900000, 0x00000000e8a00000|  0%| F|  |TAMS 0x00000000e8900000, 0x00000000e8900000| Untracked 
| 138|0x00000000e8a00000, 0x00000000e8a00000, 0x00000000e8b00000|  0%| F|  |TAMS 0x00000000e8a00000, 0x00000000e8a00000| Untracked 
| 139|0x00000000e8b00000, 0x00000000e8b00000, 0x00000000e8c00000|  0%| F|  |TAMS 0x00000000e8b00000, 0x00000000e8b00000| Untracked 
| 140|0x00000000e8c00000, 0x00000000e8c00000, 0x00000000e8d00000|  0%| F|  |TAMS 0x00000000e8c00000, 0x00000000e8c00000| Untracked 
| 141|0x00000000e8d00000, 0x00000000e8d00000, 0x00000000e8e00000|  0%| F|  |TAMS 0x00000000e8d00000, 0x00000000e8d00000| Untracked 
| 142|0x00000000e8e00000, 0x00000000e8e00000, 0x00000000e8f00000|  0%| F|  |TAMS 0x00000000e8e00000, 0x00000000e8e00000| Untracked 
| 143|0x00000000e8f00000, 0x00000000e8f00000, 0x00000000e9000000|  0%| F|  |TAMS 0x00000000e8f00000, 0x00000000e8f00000| Untracked 
| 144|0x00000000e9000000, 0x00000000e9000000, 0x00000000e9100000|  0%| F|  |TAMS 0x00000000e9000000, 0x00000000e9000000| Untracked 
| 145|0x00000000e9100000, 0x00000000e9100000, 0x00000000e9200000|  0%| F|  |TAMS 0x00000000e9100000, 0x00000000e9100000| Untracked 
| 146|0x00000000e9200000, 0x00000000e9200000, 0x00000000e9300000|  0%| F|  |TAMS 0x00000000e9200000, 0x00000000e9200000| Untracked 
| 147|0x00000000e9300000, 0x00000000e9300000, 0x00000000e9400000|  0%| F|  |TAMS 0x00000000e9300000, 0x00000000e9300000| Untracked 
| 148|0x00000000e9400000, 0x00000000e9400000, 0x00000000e9500000|  0%| F|  |TAMS 0x00000000e9400000, 0x00000000e9400000| Untracked 
| 149|0x00000000e9500000, 0x00000000e9500000, 0x00000000e9600000|  0%| F|  |TAMS 0x00000000e9500000, 0x00000000e9500000| Untracked 
| 150|0x00000000e9600000, 0x00000000e9600000, 0x00000000e9700000|  0%| F|  |TAMS 0x00000000e9600000, 0x00000000e9600000| Untracked 
| 151|0x00000000e9700000, 0x00000000e9700000, 0x00000000e9800000|  0%| F|  |TAMS 0x00000000e9700000, 0x00000000e9700000| Untracked 
| 152|0x00000000e9800000, 0x00000000e9800000, 0x00000000e9900000|  0%| F|  |TAMS 0x00000000e9800000, 0x00000000e9800000| Untracked 
| 153|0x00000000e9900000, 0x00000000e9900000, 0x00000000e9a00000|  0%| F|  |TAMS 0x00000000e9900000, 0x00000000e9900000| Untracked 
| 154|0x00000000e9a00000, 0x00000000e9a00000, 0x00000000e9b00000|  0%| F|  |TAMS 0x00000000e9a00000, 0x00000000e9a00000| Untracked 
| 155|0x00000000e9b00000, 0x00000000e9b00000, 0x00000000e9c00000|  0%| F|  |TAMS 0x00000000e9b00000, 0x00000000e9b00000| Untracked 
| 156|0x00000000e9c00000, 0x00000000e9c00000, 0x00000000e9d00000|  0%| F|  |TAMS 0x00000000e9c00000, 0x00000000e9c00000| Untracked 
| 157|0x00000000e9d00000, 0x00000000e9d00000, 0x00000000e9e00000|  0%| F|  |TAMS 0x00000000e9d00000, 0x00000000e9d00000| Untracked 
| 158|0x00000000e9e00000, 0x00000000e9e00000, 0x00000000e9f00000|  0%| F|  |TAMS 0x00000000e9e00000, 0x00000000e9e00000| Untracked 
| 159|0x00000000e9f00000, 0x00000000e9f00000, 0x00000000ea000000|  0%| F|  |TAMS 0x00000000e9f00000, 0x00000000e9f00000| Untracked 
| 160|0x00000000ea000000, 0x00000000ea000000, 0x00000000ea100000|  0%| F|  |TAMS 0x00000000ea000000, 0x00000000ea000000| Untracked 
| 161|0x00000000ea100000, 0x00000000ea100000, 0x00000000ea200000|  0%| F|  |TAMS 0x00000000ea100000, 0x00000000ea100000| Untracked 
| 162|0x00000000ea200000, 0x00000000ea200000, 0x00000000ea300000|  0%| F|  |TAMS 0x00000000ea200000, 0x00000000ea200000| Untracked 
| 163|0x00000000ea300000, 0x00000000ea300000, 0x00000000ea400000|  0%| F|  |TAMS 0x00000000ea300000, 0x00000000ea300000| Untracked 
| 164|0x00000000ea400000, 0x00000000ea400000, 0x00000000ea500000|  0%| F|  |TAMS 0x00000000ea400000, 0x00000000ea400000| Untracked 
| 165|0x00000000ea500000, 0x00000000ea500000, 0x00000000ea600000|  0%| F|  |TAMS 0x00000000ea500000, 0x00000000ea500000| Untracked 
| 166|0x00000000ea600000, 0x00000000ea600000, 0x00000000ea700000|  0%| F|  |TAMS 0x00000000ea600000, 0x00000000ea600000| Untracked 
| 167|0x00000000ea700000, 0x00000000ea700000, 0x00000000ea800000|  0%| F|  |TAMS 0x00000000ea700000, 0x00000000ea700000| Untracked 
| 168|0x00000000ea800000, 0x00000000ea800000, 0x00000000ea900000|  0%| F|  |TAMS 0x00000000ea800000, 0x00000000ea800000| Untracked 
| 169|0x00000000ea900000, 0x00000000ea900000, 0x00000000eaa00000|  0%| F|  |TAMS 0x00000000ea900000, 0x00000000ea900000| Untracked 
| 170|0x00000000eaa00000, 0x00000000eaa00000, 0x00000000eab00000|  0%| F|  |TAMS 0x00000000eaa00000, 0x00000000eaa00000| Untracked 
| 171|0x00000000eab00000, 0x00000000eab00000, 0x00000000eac00000|  0%| F|  |TAMS 0x00000000eab00000, 0x00000000eab00000| Untracked 
| 172|0x00000000eac00000, 0x00000000eac00000, 0x00000000ead00000|  0%| F|  |TAMS 0x00000000eac00000, 0x00000000eac00000| Untracked 
| 173|0x00000000ead00000, 0x00000000ead00000, 0x00000000eae00000|  0%| F|  |TAMS 0x00000000ead00000, 0x00000000ead00000| Untracked 
| 174|0x00000000eae00000, 0x00000000eae00000, 0x00000000eaf00000|  0%| F|  |TAMS 0x00000000eae00000, 0x00000000eae00000| Untracked 
| 175|0x00000000eaf00000, 0x00000000eaf00000, 0x00000000eb000000|  0%| F|  |TAMS 0x00000000eaf00000, 0x00000000eaf00000| Untracked 
| 176|0x00000000eb000000, 0x00000000eb000000, 0x00000000eb100000|  0%| F|  |TAMS 0x00000000eb000000, 0x00000000eb000000| Untracked 
| 177|0x00000000eb100000, 0x00000000eb100000, 0x00000000eb200000|  0%| F|  |TAMS 0x00000000eb100000, 0x00000000eb100000| Untracked 
| 178|0x00000000eb200000, 0x00000000eb200000, 0x00000000eb300000|  0%| F|  |TAMS 0x00000000eb200000, 0x00000000eb200000| Untracked 
| 179|0x00000000eb300000, 0x00000000eb300000, 0x00000000eb400000|  0%| F|  |TAMS 0x00000000eb300000, 0x00000000eb300000| Untracked 
| 180|0x00000000eb400000, 0x00000000eb400000, 0x00000000eb500000|  0%| F|  |TAMS 0x00000000eb400000, 0x00000000eb400000| Untracked 
| 181|0x00000000eb500000, 0x00000000eb500000, 0x00000000eb600000|  0%| F|  |TAMS 0x00000000eb500000, 0x00000000eb500000| Untracked 
| 182|0x00000000eb600000, 0x00000000eb600000, 0x00000000eb700000|  0%| F|  |TAMS 0x00000000eb600000, 0x00000000eb600000| Untracked 
| 183|0x00000000eb700000, 0x00000000eb700000, 0x00000000eb800000|  0%| F|  |TAMS 0x00000000eb700000, 0x00000000eb700000| Untracked 
| 184|0x00000000eb800000, 0x00000000eb800000, 0x00000000eb900000|  0%| F|  |TAMS 0x00000000eb800000, 0x00000000eb800000| Untracked 
| 185|0x00000000eb900000, 0x00000000eb900000, 0x00000000eba00000|  0%| F|  |TAMS 0x00000000eb900000, 0x00000000eb900000| Untracked 
| 186|0x00000000eba00000, 0x00000000eba00000, 0x00000000ebb00000|  0%| F|  |TAMS 0x00000000eba00000, 0x00000000eba00000| Untracked 
| 187|0x00000000ebb00000, 0x00000000ebb00000, 0x00000000ebc00000|  0%| F|  |TAMS 0x00000000ebb00000, 0x00000000ebb00000| Untracked 
| 188|0x00000000ebc00000, 0x00000000ebc00000, 0x00000000ebd00000|  0%| F|  |TAMS 0x00000000ebc00000, 0x00000000ebc00000| Untracked 
| 189|0x00000000ebd00000, 0x00000000ebd00000, 0x00000000ebe00000|  0%| F|  |TAMS 0x00000000ebd00000, 0x00000000ebd00000| Untracked 
| 190|0x00000000ebe00000, 0x00000000ebe00000, 0x00000000ebf00000|  0%| F|  |TAMS 0x00000000ebe00000, 0x00000000ebe00000| Untracked 
| 191|0x00000000ebf00000, 0x00000000ebf00000, 0x00000000ec000000|  0%| F|  |TAMS 0x00000000ebf00000, 0x00000000ebf00000| Untracked 
| 192|0x00000000ec000000, 0x00000000ec000000, 0x00000000ec100000|  0%| F|  |TAMS 0x00000000ec000000, 0x00000000ec000000| Untracked 
| 193|0x00000000ec100000, 0x00000000ec100000, 0x00000000ec200000|  0%| F|  |TAMS 0x00000000ec100000, 0x00000000ec100000| Untracked 
| 194|0x00000000ec200000, 0x00000000ec200000, 0x00000000ec300000|  0%| F|  |TAMS 0x00000000ec200000, 0x00000000ec200000| Untracked 
| 195|0x00000000ec300000, 0x00000000ec300000, 0x00000000ec400000|  0%| F|  |TAMS 0x00000000ec300000, 0x00000000ec300000| Untracked 
| 196|0x00000000ec400000, 0x00000000ec400000, 0x00000000ec500000|  0%| F|  |TAMS 0x00000000ec400000, 0x00000000ec400000| Untracked 
| 197|0x00000000ec500000, 0x00000000ec500000, 0x00000000ec600000|  0%| F|  |TAMS 0x00000000ec500000, 0x00000000ec500000| Untracked 
| 198|0x00000000ec600000, 0x00000000ec600000, 0x00000000ec700000|  0%| F|  |TAMS 0x00000000ec600000, 0x00000000ec600000| Untracked 
| 199|0x00000000ec700000, 0x00000000ec700000, 0x00000000ec800000|  0%| F|  |TAMS 0x00000000ec700000, 0x00000000ec700000| Untracked 
| 200|0x00000000ec800000, 0x00000000ec800000, 0x00000000ec900000|  0%| F|  |TAMS 0x00000000ec800000, 0x00000000ec800000| Untracked 
| 201|0x00000000ec900000, 0x00000000ec900000, 0x00000000eca00000|  0%| F|  |TAMS 0x00000000ec900000, 0x00000000ec900000| Untracked 
| 202|0x00000000eca00000, 0x00000000eca00000, 0x00000000ecb00000|  0%| F|  |TAMS 0x00000000eca00000, 0x00000000eca00000| Untracked 
| 203|0x00000000ecb00000, 0x00000000ecb00000, 0x00000000ecc00000|  0%| F|  |TAMS 0x00000000ecb00000, 0x00000000ecb00000| Untracked 
| 204|0x00000000ecc00000, 0x00000000ecc00000, 0x00000000ecd00000|  0%| F|  |TAMS 0x00000000ecc00000, 0x00000000ecc00000| Untracked 
| 205|0x00000000ecd00000, 0x00000000ecd00000, 0x00000000ece00000|  0%| F|  |TAMS 0x00000000ecd00000, 0x00000000ecd00000| Untracked 
| 206|0x00000000ece00000, 0x00000000ece00000, 0x00000000ecf00000|  0%| F|  |TAMS 0x00000000ece00000, 0x00000000ece00000| Untracked 
| 207|0x00000000ecf00000, 0x00000000ecf00000, 0x00000000ed000000|  0%| F|  |TAMS 0x00000000ecf00000, 0x00000000ecf00000| Untracked 
| 208|0x00000000ed000000, 0x00000000ed000000, 0x00000000ed100000|  0%| F|  |TAMS 0x00000000ed000000, 0x00000000ed000000| Untracked 
| 209|0x00000000ed100000, 0x00000000ed100000, 0x00000000ed200000|  0%| F|  |TAMS 0x00000000ed100000, 0x00000000ed100000| Untracked 
| 210|0x00000000ed200000, 0x00000000ed200000, 0x00000000ed300000|  0%| F|  |TAMS 0x00000000ed200000, 0x00000000ed200000| Untracked 
| 211|0x00000000ed300000, 0x00000000ed300000, 0x00000000ed400000|  0%| F|  |TAMS 0x00000000ed300000, 0x00000000ed300000| Untracked 
| 212|0x00000000ed400000, 0x00000000ed400000, 0x00000000ed500000|  0%| F|  |TAMS 0x00000000ed400000, 0x00000000ed400000| Untracked 
| 213|0x00000000ed500000, 0x00000000ed500000, 0x00000000ed600000|  0%| F|  |TAMS 0x00000000ed500000, 0x00000000ed500000| Untracked 
| 214|0x00000000ed600000, 0x00000000ed600000, 0x00000000ed700000|  0%| F|  |TAMS 0x00000000ed600000, 0x00000000ed600000| Untracked 
| 215|0x00000000ed700000, 0x00000000ed700000, 0x00000000ed800000|  0%| F|  |TAMS 0x00000000ed700000, 0x00000000ed700000| Untracked 
| 216|0x00000000ed800000, 0x00000000ed800000, 0x00000000ed900000|  0%| F|  |TAMS 0x00000000ed800000, 0x00000000ed800000| Untracked 
| 217|0x00000000ed900000, 0x00000000ed900000, 0x00000000eda00000|  0%| F|  |TAMS 0x00000000ed900000, 0x00000000ed900000| Untracked 
| 218|0x00000000eda00000, 0x00000000eda00000, 0x00000000edb00000|  0%| F|  |TAMS 0x00000000eda00000, 0x00000000eda00000| Untracked 
| 219|0x00000000edb00000, 0x00000000edb00000, 0x00000000edc00000|  0%| F|  |TAMS 0x00000000edb00000, 0x00000000edb00000| Untracked 
| 220|0x00000000edc00000, 0x00000000edc00000, 0x00000000edd00000|  0%| F|  |TAMS 0x00000000edc00000, 0x00000000edc00000| Untracked 
| 221|0x00000000edd00000, 0x00000000edd9d490, 0x00000000ede00000| 61%| S|CS|TAMS 0x00000000edd00000, 0x00000000edd00000| Complete 
| 222|0x00000000ede00000, 0x00000000edf00000, 0x00000000edf00000|100%| S|CS|TAMS 0x00000000ede00000, 0x00000000ede00000| Complete 
| 223|0x00000000edf00000, 0x00000000ee000000, 0x00000000ee000000|100%| S|CS|TAMS 0x00000000edf00000, 0x00000000edf00000| Complete 
| 224|0x00000000ee000000, 0x00000000ee100000, 0x00000000ee100000|100%| S|CS|TAMS 0x00000000ee000000, 0x00000000ee000000| Complete 
| 225|0x00000000ee100000, 0x00000000ee200000, 0x00000000ee200000|100%| S|CS|TAMS 0x00000000ee100000, 0x00000000ee100000| Complete 
| 226|0x00000000ee200000, 0x00000000ee300000, 0x00000000ee300000|100%| S|CS|TAMS 0x00000000ee200000, 0x00000000ee200000| Complete 
| 227|0x00000000ee300000, 0x00000000ee400000, 0x00000000ee400000|100%| S|CS|TAMS 0x00000000ee300000, 0x00000000ee300000| Complete 
| 228|0x00000000ee400000, 0x00000000ee500000, 0x00000000ee500000|100%| S|CS|TAMS 0x00000000ee400000, 0x00000000ee400000| Complete 
| 229|0x00000000ee500000, 0x00000000ee600000, 0x00000000ee600000|100%| S|CS|TAMS 0x00000000ee500000, 0x00000000ee500000| Complete 
| 230|0x00000000ee600000, 0x00000000ee700000, 0x00000000ee700000|100%| S|CS|TAMS 0x00000000ee600000, 0x00000000ee600000| Complete 
| 231|0x00000000ee700000, 0x00000000ee800000, 0x00000000ee800000|100%| S|CS|TAMS 0x00000000ee700000, 0x00000000ee700000| Complete 
| 232|0x00000000ee800000, 0x00000000ee900000, 0x00000000ee900000|100%| S|CS|TAMS 0x00000000ee800000, 0x00000000ee800000| Complete 
| 233|0x00000000ee900000, 0x00000000eea00000, 0x00000000eea00000|100%| S|CS|TAMS 0x00000000ee900000, 0x00000000ee900000| Complete 
| 234|0x00000000eea00000, 0x00000000eea00000, 0x00000000eeb00000|  0%| F|  |TAMS 0x00000000eea00000, 0x00000000eea00000| Untracked 
| 235|0x00000000eeb00000, 0x00000000eeb00000, 0x00000000eec00000|  0%| F|  |TAMS 0x00000000eeb00000, 0x00000000eeb00000| Untracked 
| 236|0x00000000eec00000, 0x00000000eec00000, 0x00000000eed00000|  0%| F|  |TAMS 0x00000000eec00000, 0x00000000eec00000| Untracked 
| 237|0x00000000eed00000, 0x00000000eed00000, 0x00000000eee00000|  0%| F|  |TAMS 0x00000000eed00000, 0x00000000eed00000| Untracked 
| 238|0x00000000eee00000, 0x00000000eee00000, 0x00000000eef00000|  0%| F|  |TAMS 0x00000000eee00000, 0x00000000eee00000| Untracked 
| 239|0x00000000eef00000, 0x00000000eef00000, 0x00000000ef000000|  0%| F|  |TAMS 0x00000000eef00000, 0x00000000eef00000| Untracked 
| 240|0x00000000ef000000, 0x00000000ef000000, 0x00000000ef100000|  0%| F|  |TAMS 0x00000000ef000000, 0x00000000ef000000| Untracked 
| 241|0x00000000ef100000, 0x00000000ef100000, 0x00000000ef200000|  0%| F|  |TAMS 0x00000000ef100000, 0x00000000ef100000| Untracked 
| 242|0x00000000ef200000, 0x00000000ef200000, 0x00000000ef300000|  0%| F|  |TAMS 0x00000000ef200000, 0x00000000ef200000| Untracked 
| 243|0x00000000ef300000, 0x00000000ef300000, 0x00000000ef400000|  0%| F|  |TAMS 0x00000000ef300000, 0x00000000ef300000| Untracked 
| 244|0x00000000ef400000, 0x00000000ef400000, 0x00000000ef500000|  0%| F|  |TAMS 0x00000000ef400000, 0x00000000ef400000| Untracked 
| 245|0x00000000ef500000, 0x00000000ef500000, 0x00000000ef600000|  0%| F|  |TAMS 0x00000000ef500000, 0x00000000ef500000| Untracked 
| 246|0x00000000ef600000, 0x00000000ef600000, 0x00000000ef700000|  0%| F|  |TAMS 0x00000000ef600000, 0x00000000ef600000| Untracked 
| 247|0x00000000ef700000, 0x00000000ef700000, 0x00000000ef800000|  0%| F|  |TAMS 0x00000000ef700000, 0x00000000ef700000| Untracked 
| 248|0x00000000ef800000, 0x00000000ef800000, 0x00000000ef900000|  0%| F|  |TAMS 0x00000000ef800000, 0x00000000ef800000| Untracked 
| 249|0x00000000ef900000, 0x00000000ef900000, 0x00000000efa00000|  0%| F|  |TAMS 0x00000000ef900000, 0x00000000ef900000| Untracked 
| 250|0x00000000efa00000, 0x00000000efa00000, 0x00000000efb00000|  0%| F|  |TAMS 0x00000000efa00000, 0x00000000efa00000| Untracked 
| 251|0x00000000efb00000, 0x00000000efb00000, 0x00000000efc00000|  0%| F|  |TAMS 0x00000000efb00000, 0x00000000efb00000| Untracked 
| 252|0x00000000efc00000, 0x00000000efc00000, 0x00000000efd00000|  0%| F|  |TAMS 0x00000000efc00000, 0x00000000efc00000| Untracked 
| 253|0x00000000efd00000, 0x00000000efd00000, 0x00000000efe00000|  0%| F|  |TAMS 0x00000000efd00000, 0x00000000efd00000| Untracked 
| 254|0x00000000efe00000, 0x00000000eff00000, 0x00000000eff00000|100%| E|  |TAMS 0x00000000efe00000, 0x00000000efe00000| Complete 
| 255|0x00000000eff00000, 0x00000000f0000000, 0x00000000f0000000|100%| E|CS|TAMS 0x00000000eff00000, 0x00000000eff00000| Complete 

Card table byte_map: [0x000001bade6e0000,0x000001bade7e0000] _byte_map_base: 0x000001baddfe0000

Marking Bits (Prev, Next): (CMBitMap*) 0x000001bac74c8f20, (CMBitMap*) 0x000001bac74c8f60
 Prev Bits: [0x000001bade8e0000, 0x000001badf0e0000)
 Next Bits: [0x000001badf0e0000, 0x000001badf8e0000)

Polling page: 0x000001bac6c80000

Metaspace:

Usage:
  Non-class:     51.10 MB capacity,    50.32 MB ( 98%) used,   699.29 KB (  1%) free+waste,    95.44 KB ( <1%) overhead. 
      Class:      7.72 MB capacity,     7.35 MB ( 95%) used,   335.70 KB (  4%) free+waste,    38.88 KB ( <1%) overhead. 
       Both:     58.82 MB capacity,    57.68 MB ( 98%) used,     1.01 MB (  2%) free+waste,   134.31 KB ( <1%) overhead. 

Virtual space:
  Non-class space:       52.00 MB reserved,      51.33 MB ( 99%) committed 
      Class space:      248.00 MB reserved,       7.75 MB (  3%) committed 
             Both:      300.00 MB reserved,      59.08 MB ( 20%) committed 

Chunk freelists:
   Non-Class:  10.00 KB
       Class:  0 bytes
        Both:  10.00 KB

MaxMetaspaceSize: 256.00 MB
CompressedClassSpaceSize: 248.00 MB

CodeHeap 'non-profiled nmethods': size=120000Kb used=6085Kb max_used=6085Kb free=113914Kb
 bounds [0x000001bad71b0000, 0x000001bad77b0000, 0x000001bade6e0000]
CodeHeap 'profiled nmethods': size=120000Kb used=19951Kb max_used=19951Kb free=100048Kb
 bounds [0x000001bacfc80000, 0x000001bad1000000, 0x000001bad71b0000]
CodeHeap 'non-nmethods': size=5760Kb used=2356Kb max_used=2417Kb free=3403Kb
 bounds [0x000001bacf6e0000, 0x000001bacf950000, 0x000001bacfc80000]
 total_blobs=10416 nmethods=9575 adapters=752
 compilation: enabled
              stopped_count=0, restarted_count=0
 full_count=0

Compilation events (20 events):
Event: 1367.087 Thread 0x000001bae1eb7900 11257       3       com.sun.tools.javac.code.Type$ForAll::asMethodType (8 bytes)
Event: 1367.104 Thread 0x000001bae1eb7900 nmethod 11257 0x000001bad0ff0f10 code [0x000001bad0ff10a0, 0x000001bad0ff1298]
Event: 1367.104 Thread 0x000001bae1eb67b0 nmethod 11235 0x000001bad779a210 code [0x000001bad779a420, 0x000001bad779ad90]
Event: 1367.104 Thread 0x000001bae1eb67b0 11244       4       com.sun.tools.javac.jvm.ClassReader::enterMember (41 bytes)
Event: 1367.106 Thread 0x000001bae1eb67b0 nmethod 11244 0x000001bad779b710 code [0x000001bad779b8c0, 0x000001bad779b9f8]
Event: 1367.106 Thread 0x000001bae1eb67b0 11258       4       com.sun.tools.javac.code.Types::interfaces (12 bytes)
Event: 1367.117 Thread 0x000001bae1eb7900 11259       3       com.sun.tools.javac.jvm.ClassReader::sigToType (893 bytes)
Event: 1367.118 Thread 0x000001bae1eb67b0 nmethod 11258 0x000001bad779bc10 code [0x000001bad779bda0, 0x000001bad779be78]
Event: 1367.118 Thread 0x000001bae1eb67b0 11253       4       com.sun.tools.javac.code.Symbol$PackageSymbol::exists (19 bytes)
Event: 1367.119 Thread 0x000001bae1eb67b0 nmethod 11253 0x000001bad779bf90 code [0x000001bad779c100, 0x000001bad779c178]
Event: 1367.119 Thread 0x000001bae1eb67b0 11249       4       com.sun.tools.javac.jvm.ClassReader::parameter (181 bytes)
Event: 1367.120 Thread 0x000001bae1eb7900 nmethod 11259 0x000001bad0ff1390 code [0x000001bad0ff1880, 0x000001bad0ff49e8]
Event: 1367.125 Thread 0x000001bae1eb7900 11260       3       com.sun.tools.javac.comp.Check::validate (8 bytes)
Event: 1367.126 Thread 0x000001bae1eb7900 nmethod 11260 0x000001bad0ff5910 code [0x000001bad0ff5ae0, 0x000001bad0ff5ea8]
Event: 1367.154 Thread 0x000001bae1eb7900 11263       3       javax.tools.ForwardingJavaFileManager::hasLocation (11 bytes)
Event: 1367.154 Thread 0x000001bae1eb7900 nmethod 11263 0x000001bad0ff6090 code [0x000001bad0ff6240, 0x000001bad0ff6408]
Event: 1367.154 Thread 0x000001bae1eb7900 11264       3       com.sun.tools.javac.file.JavacFileManager::hasLocation (14 bytes)
Event: 1367.155 Thread 0x000001bae1eb7900 nmethod 11264 0x000001bad0ff6510 code [0x000001bad0ff6700, 0x000001bad0ff6ba8]
Event: 1367.162 Thread 0x000001bae1eb7900 11265       3       com.sun.tools.javac.jvm.Code::entryPoint (20 bytes)
Event: 1367.162 Thread 0x000001bae1eb7900 nmethod 11265 0x000001bad0ff6d90 code [0x000001bad0ff6f60, 0x000001bad0ff7278]

GC Heap History (20 events):
Event: 1.035 GC heap before
{Heap before GC invocations=0 (full 0):
 garbage-first heap   total 262144K, used 18432K [0x00000000e0000000, 0x0000000100000000)
  region size 1024K, 13 young (13312K), 0 survivors (0K)
 Metaspace       used 1255K, capacity 4857K, committed 5120K, reserved 262144K
  class space    used 105K, capacity 467K, committed 512K, reserved 253952K
}
Event: 1.041 GC heap after
{Heap after GC invocations=1 (full 0):
 garbage-first heap   total 262144K, used 7675K [0x00000000e0000000, 0x0000000100000000)
  region size 1024K, 2 young (2048K), 2 survivors (2048K)
 Metaspace       used 1255K, capacity 4857K, committed 5120K, reserved 262144K
  class space    used 105K, capacity 467K, committed 512K, reserved 253952K
}
Event: 1.797 GC heap before
{Heap before GC invocations=1 (full 0):
 garbage-first heap   total 262144K, used 19963K [0x00000000e0000000, 0x0000000100000000)
  region size 1024K, 14 young (14336K), 2 survivors (2048K)
 Metaspace       used 4032K, capacity 6607K, committed 6656K, reserved 262144K
  class space    used 495K, capacity 729K, committed 768K, reserved 253952K
}
Event: 1.800 GC heap after
{Heap after GC invocations=2 (full 0):
 garbage-first heap   total 262144K, used 8800K [0x00000000e0000000, 0x0000000100000000)
  region size 1024K, 2 young (2048K), 2 survivors (2048K)
 Metaspace       used 4032K, capacity 6607K, committed 6656K, reserved 262144K
  class space    used 495K, capacity 729K, committed 768K, reserved 253952K
}
Event: 2.627 GC heap before
{Heap before GC invocations=2 (full 0):
 garbage-first heap   total 262144K, used 32352K [0x00000000e0000000, 0x0000000100000000)
  region size 1024K, 26 young (26624K), 2 survivors (2048K)
 Metaspace       used 4157K, capacity 6607K, committed 6656K, reserved 262144K
  class space    used 495K, capacity 729K, committed 768K, reserved 253952K
}
Event: 2.631 GC heap after
{Heap after GC invocations=3 (full 0):
 garbage-first heap   total 262144K, used 11572K [0x00000000e0000000, 0x0000000100000000)
  region size 1024K, 4 young (4096K), 4 survivors (4096K)
 Metaspace       used 4157K, capacity 6607K, committed 6656K, reserved 262144K
  class space    used 495K, capacity 729K, committed 768K, reserved 253952K
}
Event: 8.720 GC heap before
{Heap before GC invocations=3 (full 0):
 garbage-first heap   total 262144K, used 110900K [0x00000000e0000000, 0x0000000100000000)
  region size 1024K, 103 young (105472K), 4 survivors (4096K)
 Metaspace       used 20605K, capacity 21135K, committed 21296K, reserved 272384K
  class space    used 2973K, capacity 3144K, committed 3200K, reserved 253952K
}
Event: 8.736 GC heap after
{Heap after GC invocations=4 (full 0):
 garbage-first heap   total 262144K, used 18808K [0x00000000e0000000, 0x0000000100000000)
  region size 1024K, 11 young (11264K), 11 survivors (11264K)
 Metaspace       used 20605K, capacity 21135K, committed 21296K, reserved 272384K
  class space    used 2973K, capacity 3144K, committed 3200K, reserved 253952K
}
Event: 12.448 GC heap before
{Heap before GC invocations=5 (full 0):
 garbage-first heap   total 262144K, used 110968K [0x00000000e0000000, 0x0000000100000000)
  region size 1024K, 99 young (101376K), 11 survivors (11264K)
 Metaspace       used 35121K, capacity 35728K, committed 35888K, reserved 286720K
  class space    used 4693K, capacity 4883K, committed 4992K, reserved 253952K
}
Event: 12.475 GC heap after
{Heap after GC invocations=6 (full 0):
 garbage-first heap   total 262144K, used 26004K [0x00000000e0000000, 0x0000000100000000)
  region size 1024K, 17 young (17408K), 17 survivors (17408K)
 Metaspace       used 35121K, capacity 35728K, committed 35888K, reserved 286720K
  class space    used 4693K, capacity 4883K, committed 4992K, reserved 253952K
}
Event: 123.617 GC heap before
{Heap before GC invocations=7 (full 0):
 garbage-first heap   total 262144K, used 164244K [0x00000000e0000000, 0x0000000100000000)
  region size 1024K, 153 young (156672K), 17 survivors (17408K)
 Metaspace       used 46228K, capacity 47346K, committed 47408K, reserved 294912K
  class space    used 6198K, capacity 6516K, committed 6528K, reserved 253952K
}
Event: 123.661 GC heap after
{Heap after GC invocations=8 (full 0):
 garbage-first heap   total 262144K, used 34149K [0x00000000e0000000, 0x0000000100000000)
  region size 1024K, 16 young (16384K), 16 survivors (16384K)
 Metaspace       used 46228K, capacity 47346K, committed 47408K, reserved 294912K
  class space    used 6198K, capacity 6516K, committed 6528K, reserved 253952K
}
Event: 568.903 GC heap before
{Heap before GC invocations=8 (full 0):
 garbage-first heap   total 262144K, used 177509K [0x00000000e0000000, 0x0000000100000000)
  region size 1024K, 153 young (156672K), 16 survivors (16384K)
 Metaspace       used 57198K, capacity 58241K, committed 58416K, reserved 305152K
  class space    used 7479K, capacity 7808K, committed 7808K, reserved 253952K
}
Event: 569.000 GC heap after
{Heap after GC invocations=9 (full 0):
 garbage-first heap   total 262144K, used 54770K [0x00000000e0000000, 0x0000000100000000)
  region size 1024K, 20 young (20480K), 20 survivors (20480K)
 Metaspace       used 57198K, capacity 58241K, committed 58416K, reserved 305152K
  class space    used 7479K, capacity 7808K, committed 7808K, reserved 253952K
}
Event: 872.453 GC heap before
{Heap before GC invocations=9 (full 0):
 garbage-first heap   total 262144K, used 115186K [0x00000000e0000000, 0x0000000100000000)
  region size 1024K, 79 young (80896K), 20 survivors (20480K)
 Metaspace       used 58008K, capacity 59033K, committed 59312K, reserved 307200K
  class space    used 7511K, capacity 7876K, committed 7936K, reserved 253952K
}
Event: 872.498 GC heap after
{Heap after GC invocations=10 (full 0):
 garbage-first heap   total 262144K, used 51135K [0x00000000e0000000, 0x0000000100000000)
  region size 1024K, 2 young (2048K), 2 survivors (2048K)
 Metaspace       used 58008K, capacity 59033K, committed 59312K, reserved 307200K
  class space    used 7511K, capacity 7876K, committed 7936K, reserved 253952K
}
Event: 1366.622 GC heap before
{Heap before GC invocations=10 (full 0):
 garbage-first heap   total 262144K, used 206783K [0x00000000e0000000, 0x0000000100000000)
  region size 1024K, 151 young (154624K), 2 survivors (2048K)
 Metaspace       used 58993K, capacity 60165K, committed 60240K, reserved 307200K
  class space    used 7527K, capacity 7903K, committed 7936K, reserved 253952K
}
Event: 1366.634 GC heap after
{Heap after GC invocations=11 (full 0):
 garbage-first heap   total 262144K, used 61977K [0x00000000e0000000, 0x0000000100000000)
  region size 1024K, 9 young (9216K), 9 survivors (9216K)
 Metaspace       used 58993K, capacity 60165K, committed 60240K, reserved 307200K
  class space    used 7527K, capacity 7903K, committed 7936K, reserved 253952K
}
Event: 1367.087 GC heap before
{Heap before GC invocations=11 (full 0):
 garbage-first heap   total 262144K, used 82457K [0x00000000e0000000, 0x0000000100000000)
  region size 1024K, 31 young (31744K), 9 survivors (9216K)
 Metaspace       used 59043K, capacity 60165K, committed 60240K, reserved 307200K
  class space    used 7528K, capacity 7903K, committed 7936K, reserved 253952K
}
Event: 1367.103 GC heap after
{Heap after GC invocations=12 (full 0):
 garbage-first heap   total 262144K, used 64052K [0x00000000e0000000, 0x0000000100000000)
  region size 1024K, 13 young (13312K), 13 survivors (13312K)
 Metaspace       used 59043K, capacity 60165K, committed 60240K, reserved 307200K
  class space    used 7528K, capacity 7903K, committed 7936K, reserved 253952K
}

Deoptimization events (20 events):
Event: 1366.731 Thread 0x000001bae6baaed0 Uncommon trap: trap_request=0xffffffd6 fr.pc=0x000001bad778662c relative=0x000000000000048c
Event: 1366.731 Thread 0x000001bae6baaed0 Uncommon trap: reason=array_check action=maybe_recompile pc=0x000001bad778662c method=java.util.LinkedHashMap.valuesToArray([Ljava/lang/Object;)[Ljava/lang/Object; @ 25 c2
Event: 1366.731 Thread 0x000001bae6baaed0 DEOPT PACKING pc=0x000001bad778662c sp=0x0000001a758f4890
Event: 1366.731 Thread 0x000001bae6baaed0 DEOPT UNPACKING pc=0x000001bacf72e42f sp=0x0000001a758f4848 mode 2
Event: 1366.731 Thread 0x000001bae6baaed0 DEOPT PACKING pc=0x000001bad0f8f505 sp=0x0000001a758f4980
Event: 1366.731 Thread 0x000001bae6baaed0 DEOPT UNPACKING pc=0x000001bacf72e23f sp=0x0000001a758f3e88 mode 0
Event: 1366.759 Thread 0x000001bae6baaed0 DEOPT PACKING pc=0x000001bad0f8a3a9 sp=0x0000001a758f4a60
Event: 1366.759 Thread 0x000001bae6baaed0 DEOPT UNPACKING pc=0x000001bacf72e23f sp=0x0000001a758f3fc0 mode 0
Event: 1367.080 Thread 0x000001bae6baaed0 Uncommon trap: trap_request=0xffffff45 fr.pc=0x000001bad7525f00 relative=0x0000000000001820
Event: 1367.080 Thread 0x000001bae6baaed0 Uncommon trap: reason=unstable_if action=reinterpret pc=0x000001bad7525f00 method=com.sun.tools.javac.comp.Resolve.findField(Lcom/sun/tools/javac/comp/Env;Lcom/sun/tools/javac/code/Type;Lcom/sun/tools/javac/util/Name;Lcom/sun/tools/javac/code/Symbol$TypeS
Event: 1367.080 Thread 0x000001bae6baaed0 DEOPT PACKING pc=0x000001bad7525f00 sp=0x0000001a758f4520
Event: 1367.080 Thread 0x000001bae6baaed0 DEOPT UNPACKING pc=0x000001bacf72e42f sp=0x0000001a758f4538 mode 2
Event: 1367.080 Thread 0x000001bae6baaed0 Uncommon trap: trap_request=0xffffff45 fr.pc=0x000001bad74df6c4 relative=0x0000000000000fe4
Event: 1367.080 Thread 0x000001bae6baaed0 Uncommon trap: reason=unstable_if action=reinterpret pc=0x000001bad74df6c4 method=com.sun.tools.javac.comp.Resolve.findImmediateMemberType(Lcom/sun/tools/javac/comp/Env;Lcom/sun/tools/javac/code/Type;Lcom/sun/tools/javac/util/Name;Lcom/sun/tools/javac/cod
Event: 1367.080 Thread 0x000001bae6baaed0 DEOPT PACKING pc=0x000001bad74df6c4 sp=0x0000001a758f4540
Event: 1367.080 Thread 0x000001bae6baaed0 DEOPT UNPACKING pc=0x000001bacf72e42f sp=0x0000001a758f44c8 mode 2
Event: 1367.086 Thread 0x000001bae6baaed0 Uncommon trap: trap_request=0xffffff45 fr.pc=0x000001bad7340054 relative=0x0000000000000a14
Event: 1367.086 Thread 0x000001bae6baaed0 Uncommon trap: reason=unstable_if action=reinterpret pc=0x000001bad7340054 method=com.sun.tools.javac.jvm.ClassReader.sigToType()Lcom/sun/tools/javac/code/Type; @ 695 c2
Event: 1367.086 Thread 0x000001bae6baaed0 DEOPT PACKING pc=0x000001bad7340054 sp=0x0000001a758f3600
Event: 1367.086 Thread 0x000001bae6baaed0 DEOPT UNPACKING pc=0x000001bacf72e42f sp=0x0000001a758f35e8 mode 2

Classes unloaded (0 events):
No events

Classes redefined (0 events):
No events

Internal exceptions (20 events):
Event: 1366.984 Thread 0x000001bae6baaed0 Exception <a 'sun/nio/fs/WindowsException'{0x00000000ef2be3a8}> (0x00000000ef2be3a8) 
thrown [./open/src/hotspot/share/prims/jni.cpp, line 578]
Event: 1366.984 Thread 0x000001bae6baaed0 Exception <a 'sun/nio/fs/WindowsException'{0x00000000ef2be6e8}> (0x00000000ef2be6e8) 
thrown [./open/src/hotspot/share/prims/jni.cpp, line 578]
Event: 1366.985 Thread 0x000001bae6baaed0 Exception <a 'sun/nio/fs/WindowsException'{0x00000000ef2d2bf0}> (0x00000000ef2d2bf0) 
thrown [./open/src/hotspot/share/prims/jni.cpp, line 578]
Event: 1366.996 Thread 0x000001bae6baaed0 Exception <a 'sun/nio/fs/WindowsException'{0x00000000ef1c8110}> (0x00000000ef1c8110) 
thrown [./open/src/hotspot/share/prims/jni.cpp, line 578]
Event: 1366.996 Thread 0x000001bae6baaed0 Exception <a 'sun/nio/fs/WindowsException'{0x00000000ef1c8458}> (0x00000000ef1c8458) 
thrown [./open/src/hotspot/share/prims/jni.cpp, line 578]
Event: 1367.000 Thread 0x000001bae6baaed0 Exception <a 'sun/nio/fs/WindowsException'{0x00000000ef1e4b70}> (0x00000000ef1e4b70) 
thrown [./open/src/hotspot/share/prims/jni.cpp, line 578]
Event: 1367.000 Thread 0x000001bae6baaed0 Exception <a 'sun/nio/fs/WindowsException'{0x00000000ef1e4ea0}> (0x00000000ef1e4ea0) 
thrown [./open/src/hotspot/share/prims/jni.cpp, line 578]
Event: 1367.029 Thread 0x000001bae6baaed0 Exception <a 'sun/nio/fs/WindowsException'{0x00000000eee26878}> (0x00000000eee26878) 
thrown [./open/src/hotspot/share/prims/jni.cpp, line 578]
Event: 1367.029 Thread 0x000001bae6baaed0 Exception <a 'sun/nio/fs/WindowsException'{0x00000000eee26be8}> (0x00000000eee26be8) 
thrown [./open/src/hotspot/share/prims/jni.cpp, line 578]
Event: 1367.031 Thread 0x000001bae6baaed0 Exception <a 'sun/nio/fs/WindowsException'{0x00000000eee867d0}> (0x00000000eee867d0) 
thrown [./open/src/hotspot/share/prims/jni.cpp, line 578]
Event: 1367.061 Thread 0x000001bae6baaed0 Exception <a 'sun/nio/fs/WindowsException'{0x00000000eeb36ae0}> (0x00000000eeb36ae0) 
thrown [./open/src/hotspot/share/prims/jni.cpp, line 578]
Event: 1367.061 Thread 0x000001bae6baaed0 Exception <a 'sun/nio/fs/WindowsException'{0x00000000eeb36e58}> (0x00000000eeb36e58) 
thrown [./open/src/hotspot/share/prims/jni.cpp, line 578]
Event: 1367.063 Thread 0x000001bae6baaed0 Exception <a 'sun/nio/fs/WindowsException'{0x00000000eeb3e808}> (0x00000000eeb3e808) 
thrown [./open/src/hotspot/share/prims/jni.cpp, line 578]
Event: 1367.063 Thread 0x000001bae6baaed0 Exception <a 'sun/nio/fs/WindowsException'{0x00000000eeb3eb50}> (0x00000000eeb3eb50) 
thrown [./open/src/hotspot/share/prims/jni.cpp, line 578]
Event: 1367.069 Thread 0x000001bae6baaed0 Exception <a 'sun/nio/fs/WindowsException'{0x00000000eeba3ff8}> (0x00000000eeba3ff8) 
thrown [./open/src/hotspot/share/prims/jni.cpp, line 578]
Event: 1367.069 Thread 0x000001bae6baaed0 Exception <a 'sun/nio/fs/WindowsException'{0x00000000eeba4358}> (0x00000000eeba4358) 
thrown [./open/src/hotspot/share/prims/jni.cpp, line 578]
Event: 1367.129 Thread 0x000001bae6baaed0 Exception <a 'sun/nio/fs/WindowsException'{0x00000000eff41588}> (0x00000000eff41588) 
thrown [./open/src/hotspot/share/prims/jni.cpp, line 578]
Event: 1367.129 Thread 0x000001bae6baaed0 Exception <a 'sun/nio/fs/WindowsException'{0x00000000eff418d0}> (0x00000000eff418d0) 
thrown [./open/src/hotspot/share/prims/jni.cpp, line 578]
Event: 1367.163 Thread 0x000001bae6baaed0 Exception <a 'sun/nio/fs/WindowsException'{0x00000000efeb2cc8}> (0x00000000efeb2cc8) 
thrown [./open/src/hotspot/share/prims/jni.cpp, line 578]
Event: 1367.163 Thread 0x000001bae6baaed0 Exception <a 'sun/nio/fs/WindowsException'{0x00000000efeb4998}> (0x00000000efeb4998) 
thrown [./open/src/hotspot/share/prims/jni.cpp, line 578]

Events (20 events):
Event: 1365.621 Executing VM operation: ICBufferFull
Event: 1365.622 Executing VM operation: ICBufferFull done
Event: 1365.622 Executing VM operation: HandshakeAllThreads
Event: 1365.622 Executing VM operation: HandshakeAllThreads done
Event: 1365.626 Executing VM operation: ICBufferFull
Event: 1365.626 Executing VM operation: ICBufferFull done
Event: 1365.883 Executing VM operation: ICBufferFull
Event: 1365.883 Executing VM operation: ICBufferFull done
Event: 1365.883 Executing VM operation: HandshakeAllThreads
Event: 1365.883 Executing VM operation: HandshakeAllThreads done
Event: 1365.951 Thread 0x000001bae476f8e0 Thread added: 0x000001bae476f8e0
Event: 1366.059 Thread 0x000001bae72ab760 Thread added: 0x000001bae72ab760
Event: 1366.329 Thread 0x000001bae72ab760 Thread exited: 0x000001bae72ab760
Event: 1366.571 Thread 0x000001bae72adad0 Thread added: 0x000001bae72adad0
Event: 1366.622 Executing VM operation: G1CollectForAllocation
Event: 1366.634 Executing VM operation: G1CollectForAllocation done
Event: 1366.634 Executing VM operation: HandshakeAllThreads
Event: 1366.635 Executing VM operation: HandshakeAllThreads done
Event: 1367.087 Executing VM operation: CollectForMetadataAllocation
Event: 1367.104 Executing VM operation: CollectForMetadataAllocation done


Dynamic libraries:
0x00007ff754d50000 - 0x00007ff754d5d000 	C:\Users\Vince\.jdks\openjdk-15.0.2\bin\java.exe
0x00007ff9a3150000 - 0x00007ff9a3345000 	C:\WINDOWS\SYSTEM32\ntdll.dll
0x00007ff9a1690000 - 0x00007ff9a174d000 	C:\WINDOWS\System32\KERNEL32.DLL
0x00007ff9a0b40000 - 0x00007ff9a0e08000 	C:\WINDOWS\System32\KERNELBASE.dll
0x00007ff9a0890000 - 0x00007ff9a0990000 	C:\WINDOWS\System32\ucrtbase.dll
0x00007ff982910000 - 0x00007ff982928000 	C:\Users\Vince\.jdks\openjdk-15.0.2\bin\jli.dll
0x00007ff9a13d0000 - 0x00007ff9a1570000 	C:\WINDOWS\System32\USER32.dll
0x00007ff9a09e0000 - 0x00007ff9a0a02000 	C:\WINDOWS\System32\win32u.dll
0x00007ff9827a0000 - 0x00007ff9827b9000 	C:\Users\Vince\.jdks\openjdk-15.0.2\bin\VCRUNTIME140.dll
0x00007ff9a2aa0000 - 0x00007ff9a2aca000 	C:\WINDOWS\System32\GDI32.dll
0x00007ff99fc50000 - 0x00007ff99feea000 	C:\WINDOWS\WinSxS\amd64_microsoft.windows.common-controls_6595b64144ccf1df_6.0.19041.844_none_ca00b6081b84eb1d\COMCTL32.dll
0x00007ff9a3060000 - 0x00007ff9a30fe000 	C:\WINDOWS\System32\msvcrt.dll
0x00007ff9a0e70000 - 0x00007ff9a0f7b000 	C:\WINDOWS\System32\gdi32full.dll
0x00007ff9a1110000 - 0x00007ff9a11ad000 	C:\WINDOWS\System32\msvcp_win.dll
0x00007ff9a2740000 - 0x00007ff9a2770000 	C:\WINDOWS\System32\IMM32.DLL
0x00007ff9826d0000 - 0x00007ff9826dc000 	C:\Users\Vince\.jdks\openjdk-15.0.2\bin\vcruntime140_1.dll
0x00007ff96cb60000 - 0x00007ff96cbf1000 	C:\Users\Vince\.jdks\openjdk-15.0.2\bin\msvcp140.dll
0x00007ff9268f0000 - 0x00007ff92744e000 	C:\Users\Vince\.jdks\openjdk-15.0.2\bin\server\jvm.dll
0x00007ff9a2680000 - 0x00007ff9a272c000 	C:\WINDOWS\System32\ADVAPI32.dll
0x00007ff9a2ef0000 - 0x00007ff9a2f8b000 	C:\WINDOWS\System32\sechost.dll
0x00007ff9a2770000 - 0x00007ff9a289b000 	C:\WINDOWS\System32\RPCRT4.dll
0x00007ff9a2730000 - 0x00007ff9a2738000 	C:\WINDOWS\System32\PSAPI.DLL
0x00007ff98cd80000 - 0x00007ff98cd89000 	C:\WINDOWS\SYSTEM32\WSOCK32.dll
0x00007ff9a2a30000 - 0x00007ff9a2a9b000 	C:\WINDOWS\System32\WS2_32.dll
0x00007ff992040000 - 0x00007ff992067000 	C:\WINDOWS\SYSTEM32\WINMM.dll
0x00007ff9955a0000 - 0x00007ff9955aa000 	C:\WINDOWS\SYSTEM32\VERSION.dll
0x00007ff99e320000 - 0x00007ff99e332000 	C:\WINDOWS\SYSTEM32\kernel.appcore.dll
0x00007ff982650000 - 0x00007ff98265a000 	C:\Users\Vince\.jdks\openjdk-15.0.2\bin\jimage.dll
0x00007ff9a01c0000 - 0x00007ff9a03a4000 	C:\WINDOWS\SYSTEM32\DBGHELP.DLL
0x00007ff9a0190000 - 0x00007ff9a01bc000 	C:\WINDOWS\SYSTEM32\dbgcore.DLL
0x00007ff9a0ac0000 - 0x00007ff9a0b40000 	C:\WINDOWS\System32\bcryptPrimitives.dll
0x00007ff982620000 - 0x00007ff982645000 	C:\Users\Vince\.jdks\openjdk-15.0.2\bin\java.dll
0x00007ff9a1750000 - 0x00007ff9a1e92000 	C:\WINDOWS\System32\SHELL32.dll
0x00007ff99e340000 - 0x00007ff99ead1000 	C:\WINDOWS\SYSTEM32\windows.storage.dll
0x00007ff9a2ad0000 - 0x00007ff9a2e25000 	C:\WINDOWS\System32\combase.dll
0x00007ff99fad0000 - 0x00007ff99fafc000 	C:\WINDOWS\SYSTEM32\Wldp.dll
0x00007ff9a25b0000 - 0x00007ff9a265e000 	C:\WINDOWS\System32\SHCORE.dll
0x00007ff9a29d0000 - 0x00007ff9a2a25000 	C:\WINDOWS\System32\shlwapi.dll
0x00007ff9a07d0000 - 0x00007ff9a07ef000 	C:\WINDOWS\SYSTEM32\profapi.dll
0x00007ff982590000 - 0x00007ff9825a9000 	C:\Users\Vince\.jdks\openjdk-15.0.2\bin\net.dll
0x00007ff992ae0000 - 0x00007ff992beb000 	C:\WINDOWS\SYSTEM32\WINHTTP.dll
0x00007ff99f8c0000 - 0x00007ff99f92a000 	C:\WINDOWS\system32\mswsock.dll
0x00007ff97f920000 - 0x00007ff97f932000 	C:\Users\Vince\.jdks\openjdk-15.0.2\bin\nio.dll
0x00007ff97f900000 - 0x00007ff97f918000 	C:\Users\Vince\.jdks\openjdk-15.0.2\bin\zip.dll
0x00007ff982610000 - 0x00007ff982620000 	C:\Users\Vince\.jdks\openjdk-15.0.2\bin\verify.dll
0x00007ff982770000 - 0x00007ff982796000 	C:\Users\Vince\Desktop\4. felev\projLab\ideaProject\.gradle\native\fdc75f09e3144964f2cf3f50f0aa648679c211496f362492102eb8c894070792\windows-amd64\native-platform.dll
0x00007ff944e80000 - 0x00007ff945011000 	C:\Users\Vince\Desktop\4. felev\projLab\ideaProject\.gradle\native\12488b8bf47d2d4c9fbf2f6322a914ad602e24e48041cd04a747c6da556b65c4\windows-amd64\native-platform-file-events.dll
0x00007ff982580000 - 0x00007ff982589000 	C:\Users\Vince\.jdks\openjdk-15.0.2\bin\management.dll
0x00007ff97f8c0000 - 0x00007ff97f8cb000 	C:\Users\Vince\.jdks\openjdk-15.0.2\bin\management_ext.dll
0x00007ff9a0550000 - 0x00007ff9a0568000 	C:\WINDOWS\SYSTEM32\CRYPTSP.dll
0x00007ff99f2a0000 - 0x00007ff99f2d4000 	C:\WINDOWS\system32\rsaenh.dll
0x00007ff9a10e0000 - 0x00007ff9a1107000 	C:\WINDOWS\System32\bcrypt.dll
0x00007ff9a0790000 - 0x00007ff9a07be000 	C:\WINDOWS\SYSTEM32\USERENV.dll
0x00007ff99fb00000 - 0x00007ff99fb0c000 	C:\WINDOWS\SYSTEM32\CRYPTBASE.dll
0x00007ff99f5d0000 - 0x00007ff99f60b000 	C:\WINDOWS\SYSTEM32\IPHLPAPI.DLL
0x00007ff9a3100000 - 0x00007ff9a3108000 	C:\WINDOWS\System32\NSI.dll
0x00007ff998200000 - 0x00007ff998217000 	C:\WINDOWS\SYSTEM32\dhcpcsvc6.DLL
0x00007ff998170000 - 0x00007ff99818d000 	C:\WINDOWS\SYSTEM32\dhcpcsvc.DLL
0x00007ff99f610000 - 0x00007ff99f6dc000 	C:\WINDOWS\SYSTEM32\DNSAPI.dll
0x00007ff998220000 - 0x00007ff99822b000 	C:\WINDOWS\SYSTEM32\WINNSI.DLL
0x00007ff99d340000 - 0x00007ff99d3d0000 	C:\WINDOWS\system32\apphelp.dll

dbghelp: loaded successfully - version: 4.0.5 - missing functions: none
symbol engine: initialized successfully - sym options: 0x614 - pdb path: .;C:\Users\Vince\.jdks\openjdk-15.0.2\bin;C:\WINDOWS\SYSTEM32;C:\WINDOWS\WinSxS\amd64_microsoft.windows.common-controls_6595b64144ccf1df_6.0.19041.844_none_ca00b6081b84eb1d;C:\Users\Vince\.jdks\openjdk-15.0.2\bin\server;C:\Users\Vince\Desktop\4. felev\projLab\ideaProject\.gradle\native\fdc75f09e3144964f2cf3f50f0aa648679c211496f362492102eb8c894070792\windows-amd64;C:\Users\Vince\Desktop\4. felev\projLab\ideaProject\.gradle\native\12488b8bf47d2d4c9fbf2f6322a914ad602e24e48041cd04a747c6da556b65c4\windows-amd64

VM Arguments:
jvm_args: --add-opens=java.base/java.util=ALL-UNNAMED --add-opens=java.base/java.lang=ALL-UNNAMED --add-opens=java.base/java.lang.invoke=ALL-UNNAMED --add-opens=java.prefs/java.util.prefs=ALL-UNNAMED -XX:MaxMetaspaceSize=256m -XX:+HeapDumpOnOutOfMemoryError -Xms256m -Xmx512m -Dfile.encoding=windows-1250 -Duser.country=HU -Duser.language=hu -Duser.variant 
java_command: org.gradle.launcher.daemon.bootstrap.GradleDaemon 6.8.3
java_class_path (initial): C:\Users\Vince\Desktop\4. felev\projLab\ideaProject\.gradle\wrapper\dists\gradle-6.8.3-bin\7ykxq50lst7lb7wx1nijpicxn\gradle-6.8.3\lib\gradle-launcher-6.8.3.jar
Launcher Type: SUN_STANDARD

[Global flags]
     intx CICompilerCount                          = 3                                         {product} {ergonomic}
   size_t CompressedClassSpaceSize                 = 260046848                                 {product} {ergonomic}
     uint ConcGCThreads                            = 1                                         {product} {ergonomic}
     uint G1ConcRefinementThreads                  = 4                                         {product} {ergonomic}
   size_t G1HeapRegionSize                         = 1048576                                   {product} {ergonomic}
    uintx GCDrainStackTargetSize                   = 64                                        {product} {ergonomic}
     bool HeapDumpOnOutOfMemoryError               = true                                   {manageable} {command line}
   size_t InitialHeapSize                          = 268435456                                 {product} {command line}
   size_t MarkStackSize                            = 4194304                                   {product} {ergonomic}
   size_t MaxHeapSize                              = 536870912                                 {product} {command line}
   size_t MaxMetaspaceSize                         = 268435456                                 {product} {command line}
   size_t MaxNewSize                               = 321912832                                 {product} {ergonomic}
   size_t MinHeapDeltaBytes                        = 1048576                                   {product} {ergonomic}
   size_t MinHeapSize                              = 268435456                                 {product} {command line}
    uintx NonNMethodCodeHeapSize                   = 5832780                                {pd product} {ergonomic}
    uintx NonProfiledCodeHeapSize                  = 122912730                              {pd product} {ergonomic}
    uintx ProfiledCodeHeapSize                     = 122912730                              {pd product} {ergonomic}
    uintx ReservedCodeCacheSize                    = 251658240                              {pd product} {ergonomic}
     bool SegmentedCodeCache                       = true                                      {product} {ergonomic}
   size_t SoftMaxHeapSize                          = 536870912                              {manageable} {ergonomic}
     bool UseCompressedClassPointers               = true                                 {lp64_product} {ergonomic}
     bool UseCompressedOops                        = true                                 {lp64_product} {ergonomic}
     bool UseG1GC                                  = true                                      {product} {ergonomic}
     bool UseLargePagesIndividualAllocation        = false                                  {pd product} {ergonomic}

Logging:
Log output configuration:
 #0: stdout all=warning uptime,level,tags
 #1: stderr all=off uptime,level,tags

Environment Variables:
JAVA_HOME=C:\Program Files\Java\jdk-14
PATH=C:\WINDOWS\system32;C:\WINDOWS;C:\WINDOWS\System32\Wbem;C:\WINDOWS\System32\WindowsPowerShell\v1.0\;C:\Program Files\Microsoft SQL Server\130\Tools\Binn\;C:\WINDOWS\System32\OpenSSH\;C:\Program Files\doxygen\bin;C:\Users\Vince\AppData\Local\Microsoft\WindowsApps;C:\Users\Vince\AppData\Local\Programs\Microsoft VS Code\bin;C:\Program Files (x86)\FAHClient;C:\adb;C:\WINDOWS\system32;C:\WINDOWS;C:\WINDOWS\System32\Wbem;C:\WINDOWS\System32\WindowsPowerShell\v1.0\;C:\WINDOWS\System32\OpenSSH\;C:\Program Files\dotnet\;C:\Program Files\Java\jdk-14\bin;C:\Program Files (x86)\Common Files\Oracle\Java\javapath;C:\Program Files\PuTTY\;C:\Program Files\Git\cmd;C:\Program Files\nodejs\;C:\Program Files\Docker\Docker\resources\bin;C:\ProgramData\DockerDesktop\version-bin;C:\MinGW\bin;C:\Program Files\Microsoft SQL Server\Client SDK\ODBC\170\Tools\Binn\;C:\Users\Vince\AppData\Local\Microsoft\WindowsApps;C:\Users\Vince\AppData\Local\Programs\Microsoft VS Code\bin;C:\Program Files (x86)\FAHClient;C:\Users\Vince\.dotnet\tools;C:\Program Files\JetBrains\IntelliJ IDEA 2020.2.2\bin;C:\Users\Vince\AppData\Local\GitHubDesktop\bin;C:\Users\Vince\.dotnet\tools;C:\Users\Vince\AppData\Roaming\npm;C:\Users\Vince\.dotnet\tools
USERNAME=Vince
OS=Windows_NT
PROCESSOR_IDENTIFIER=Intel64 Family 6 Model 60 Stepping 3, GenuineIntel



---------------  S Y S T E M  ---------------

OS:
 Windows 10 , 64 bit Build 19041 (10.0.19041.928)
OS uptime: 1 days 3:32 hours
HyperV virtualization detected

CPU: total 4 (initial active 4) (2 cores per cpu, 2 threads per core) family 6 model 60 stepping 3 microcode 0x28, cmov, cx8, fxsr, mmx, sse, sse2, sse3, ssse3, sse4.1, sse4.2, popcnt, vzeroupper, avx, avx2, aes, clmul, erms, lzcnt, ht, tsc, tscinvbit, bmi1, bmi2, fma, clflush

Memory: 4k page, system-wide physical 16281M (1926M free)
TotalPageFile size 32563M (AvailPageFile size 7784M)
current process WorkingSet (physical memory assigned to process): 431M, peak: 443M
current process commit charge ("private bytes"): 493M, peak: 507M

vm_info: OpenJDK 64-Bit Server VM (15.0.2+7-27) for windows-amd64 JRE (15.0.2+7-27), built on Dec  7 2020 20:02:38 by "mach5one" with unknown MS VC++:1925

END.
